2024-01-27 11:06:36,589 - INFO - 

2024-01-27 11:06:36,589 - INFO - --------------------------------------------------
2024-01-27 11:06:36,589 - INFO - benchmark: ackley
2024-01-27 11:06:36,589 - INFO - benchmark_params: {'dim': 20, 'noise_std': None, 'negate': False, 'bounds': None}
2024-01-27 11:06:36,589 - INFO - tuner_params: {'seed': 1024, 'num_evals': 50, 'batch_size': 1, 'init_design': 'sobol', 'init_by_dim': True, 'num_init': 20, 'optimizer': 'random', 'optimizer_params': {'method': 'lhs'}}
2024-01-27 11:06:36,589 - INFO - expr_name: lhs_ackley_20
2024-01-27 11:06:36,589 - INFO - --------------------------------------------------
2024-01-27 11:06:36,589 - INFO - [ackley] Using Ackley 20D
2024-01-27 11:06:36,590 - INFO - [Tuner] Start initial profiling by sobol
2024-01-27 11:06:36,600 - INFO - [Tuner] Start optimization using random for 50 iterations
2024-01-27 11:06:36,601 - INFO - [Tuner] Main optimization loop terminated
2024-01-27 11:06:36,601 - INFO - --------------------------------------------------
2024-01-27 11:06:36,601 - INFO - Best X: [9.883649213888043, 4.605569202383501, 0.9094566267588613, 6.52819012952355, 0.19328413695398794, 9.53185048654772, 6.849904561412549, 8.572394428795533, 9.646393283037929, 1.0259633685604923, 0.04687801934711544, 8.517686566046555, -1.2394697319187333, 3.696156196382214, 2.076994732234839, 9.78534098959734, 6.229866455401693, -3.467923697505093, 4.341288219054274, 9.269276364209494]
2024-01-27 11:06:36,602 - INFO - Best Y: 16.192903184608742
2024-01-27 11:06:36,602 - INFO - Elapsed time: 0.01 seconds
2024-01-27 11:08:07,420 - INFO - 

2024-01-27 11:08:07,421 - INFO - --------------------------------------------------
2024-01-27 11:08:07,421 - INFO - benchmark: ackley
2024-01-27 11:08:07,421 - INFO - benchmark_params:
2024-01-27 11:08:07,421 - INFO -     dim: 20
2024-01-27 11:08:07,421 - INFO -     noise_std: None
2024-01-27 11:08:07,421 - INFO -     negate: False
2024-01-27 11:08:07,421 - INFO -     bounds: None
2024-01-27 11:08:07,421 - INFO - tuner_params:
2024-01-27 11:08:07,421 - INFO -     seed: 1024
2024-01-27 11:08:07,421 - INFO -     num_evals: 50
2024-01-27 11:08:07,421 - INFO -     batch_size: 1
2024-01-27 11:08:07,421 - INFO -     init_design: sobol
2024-01-27 11:08:07,421 - INFO -     init_by_dim: True
2024-01-27 11:08:07,421 - INFO -     num_init: 20
2024-01-27 11:08:07,421 - INFO -     optimizer: random
2024-01-27 11:08:07,421 - INFO -     optimizer_params: {'method': 'lhs'}
2024-01-27 11:08:07,421 - INFO - expr_name: lhs_ackley_20
2024-01-27 11:08:07,421 - INFO - --------------------------------------------------
2024-01-27 11:08:07,421 - INFO - [ackley] Using Ackley 20D
2024-01-27 11:08:07,422 - INFO - [Tuner] Start initial profiling by sobol
2024-01-27 11:08:07,428 - INFO - [Tuner] Start optimization using random for 50 iterations
2024-01-27 11:08:07,430 - INFO - [Tuner] Main optimization loop terminated
2024-01-27 11:08:07,430 - INFO - --------------------------------------------------
2024-01-27 11:08:07,430 - INFO - Best X: [9.883649213888043, 4.605569202383501, 0.9094566267588613, 6.52819012952355, 0.19328413695398794, 9.53185048654772, 6.849904561412549, 8.572394428795533, 9.646393283037929, 1.0259633685604923, 0.04687801934711544, 8.517686566046555, -1.2394697319187333, 3.696156196382214, 2.076994732234839, 9.78534098959734, 6.229866455401693, -3.467923697505093, 4.341288219054274, 9.269276364209494]
2024-01-27 11:08:07,430 - INFO - Best Y: 16.192903184608742
2024-01-27 11:08:07,430 - INFO - Elapsed time: 0.01 seconds
2024-01-30 09:14:42,282 - INFO - 

2024-01-30 09:14:42,283 - INFO - --------------------------------------------------
2024-01-30 09:14:42,283 - INFO - benchmark: ackley
2024-01-30 09:14:42,283 - INFO - benchmark_params:
2024-01-30 09:14:42,283 - INFO -     dim: 20
2024-01-30 09:14:42,283 - INFO -     noise_std: None
2024-01-30 09:14:42,283 - INFO -     negate: False
2024-01-30 09:14:42,283 - INFO -     bounds: None
2024-01-30 09:14:42,283 - INFO - tuner_params:
2024-01-30 09:14:42,283 - INFO -     seed: 1024
2024-01-30 09:14:42,283 - INFO -     num_evals: 50
2024-01-30 09:14:42,283 - INFO -     batch_size: 1
2024-01-30 09:14:42,283 - INFO -     init_design: sobol
2024-01-30 09:14:42,283 - INFO -     init_by_dim: True
2024-01-30 09:14:42,283 - INFO -     num_init: 20
2024-01-30 09:14:42,283 - INFO -     optimizer: random
2024-01-30 09:14:42,283 - INFO -     optimizer_params: {'method': 'lhs'}
2024-01-30 09:14:42,283 - INFO - expr_name: lhs_ackley_20
2024-01-30 09:14:42,283 - INFO - --------------------------------------------------
2024-01-30 09:14:42,283 - INFO - [ackley] Using Ackley 20D
2024-01-30 09:14:42,285 - INFO - [Tuner] Start initial profiling by sobol
2024-01-30 09:14:42,340 - INFO - [Tuner] Start optimization using random for 50 iterations
2024-01-30 09:14:42,342 - INFO - --------------------------------------------------
2024-01-30 09:14:42,342 - INFO - Best X: [-2.314339429140091, 8.192948400974274, 9.23418641090393, 3.403254449367523, 6.666276156902313, -0.4623022675514221, 9.999818503856659, 9.502633512020111, 8.28402727842331, 5.093015730381012, 4.116354584693909, 3.2718628644943237, 2.3306676745414734, -1.2313555181026459, 0.8794441819190979, -0.6805048882961273, 9.43845272064209, 8.441132307052612, 8.72005969285965, -1.5232451260089874]
2024-01-30 09:14:42,342 - INFO - Best Y: 16.1375951446264
2024-01-30 09:14:42,343 - INFO - Elapsed time: 0.06 seconds
