2024-01-27 10:29:51,018 - INFO - [ackley] Using Ackley 20D
2024-01-27 10:30:28,771 - INFO - [ackley] Using Ackley 20D
2024-01-27 10:31:25,365 - INFO - [ackley] Using Ackley 20D
2024-01-27 10:32:25,267 - INFO - [ackley] Using Ackley 20D
2024-01-27 10:32:25,267 - INFO - [Tuner] Start initial profiling by sobol
2024-01-27 10:32:25,313 - INFO - [Tuner] Start optimization using random for 50 iterations
2024-01-27 10:32:25,315 - INFO - [Tuner] Main optimization loop terminated
2024-01-27 10:32:25,315 - INFO - --------------------------------------------------
2024-01-27 10:32:25,315 - INFO - Best X: [7.221192110033932e+200, -5.0, 7.370211394410738e+253, 3.132247096153991e+122, -5.0, -5.0, -5.0, -5.0, -5.0, nan, 1.6071636686408218e+201, -5.0, 3.5343710526819408e+252, 1.04605054849e+230, 2.5406316326547425e+191, -5.0, 5.520988635107924e+181, -5.0, 1.857145138150375e+224, 7.236162894164236e+229]
2024-01-27 10:32:25,315 - INFO - Best Y: nan
2024-01-27 10:32:25,315 - INFO - Elapsed time: 0.05 seconds

2024-01-27 10:35:16,504 - INFO - [ackley] Using Ackley 20D
2024-01-27 10:35:16,504 - INFO - [Tuner] Start initial profiling by sobol
2024-01-27 10:35:16,518 - INFO - [Tuner] Start optimization using random for 50 iterations
2024-01-27 10:35:16,519 - INFO - [Tuner] Main optimization loop terminated
2024-01-27 10:35:16,519 - INFO - --------------------------------------------------
2024-01-27 10:35:16,519 - INFO - Best X: [5.272916283066645e+258, 1.810054840175906e+234, 2.081399964169854e+220, 1.0647101131011895e+196, 6.540597192344883e+252, 2.4403659738014524e+220, 1.267120921159262e+254, 3.104989971777375e+162, 1.0460505386275478e+230, 2.5406316326547425e+191, -5.0, 5.041686214371979e+161, -5.0, 1.7604761714185273e+215, -5.0, -5.0, 2.0167790352012323e+162, 1.4558576649232392e+254, 1.9577986678030262e+191, 2.5156420297286646e+244]
2024-01-27 10:35:16,520 - INFO - Best Y: 21.880806280531747
2024-01-27 10:35:16,520 - INFO - Elapsed time: 0.02 seconds
2024-01-27 10:36:44,163 - INFO - 

2024-01-27 10:36:44,163 - INFO - [ackley] Using Ackley 20D
2024-01-27 10:36:44,164 - INFO - [Tuner] Start initial profiling by sobol
2024-01-27 10:36:44,175 - INFO - [Tuner] Start optimization using random for 50 iterations
2024-01-27 10:36:44,178 - INFO - [Tuner] Main optimization loop terminated
2024-01-27 10:36:44,178 - INFO - --------------------------------------------------
2024-01-27 10:36:44,178 - INFO - Best X: [2.62512971355812e+191, 5.924403116805681e+181, -5.0, 5.569899711420971e+162, 8.932580148259354e+229, 1.1029661278613455e+225, -5.0, -5.0, 8.217377931267331e+242, -5.0, 1.002819603731991e+153, -5.0, -5.0, 3.775792593165931e+181, -5.0, -5.0, -5.0, -5.0, -5.0, nan]
2024-01-27 10:36:44,178 - INFO - Best Y: nan
2024-01-27 10:36:44,178 - INFO - Elapsed time: 0.01 seconds
2024-01-27 10:38:26,852 - INFO - 

2024-01-27 10:39:00,125 - INFO - [ackley] Using Ackley 20D
2024-01-27 10:39:40,324 - INFO - [Tuner] Start initial profiling by sobol
2024-01-27 10:40:10,530 - INFO - [Tuner] Start optimization using random for 50 iterations
2024-01-27 10:42:58,985 - INFO - 

2024-01-27 10:43:02,427 - INFO - [ackley] Using Ackley 20D
2024-01-27 10:43:03,754 - INFO - [Tuner] Start initial profiling by sobol
2024-01-27 10:43:06,278 - INFO - [Tuner] Start optimization using random for 50 iterations
2024-01-27 10:44:46,859 - INFO - 

2024-01-27 10:44:46,859 - INFO - [ackley] Using Ackley 20D
2024-01-27 10:44:46,859 - INFO - [Tuner] Start initial profiling by sobol
2024-01-27 10:44:46,867 - INFO - [Tuner] Start optimization using random for 50 iterations
2024-01-27 10:44:46,868 - INFO - [Tuner] Main optimization loop terminated
2024-01-27 10:44:46,868 - INFO - --------------------------------------------------
2024-01-27 10:44:46,868 - INFO - Best X: [9.883649213888043, 4.605569202383501, 0.9094566267588613, 6.52819012952355, 0.19328413695398794, 9.53185048654772, 6.849904561412549, 8.572394428795533, 9.646393283037929, 1.0259633685604923, 0.04687801934711544, 8.517686566046555, -1.2394697319187333, 3.696156196382214, 2.076994732234839, 9.78534098959734, 6.229866455401693, -3.467923697505093, 4.341288219054274, 9.269276364209494]
2024-01-27 10:44:46,868 - INFO - Best Y: 16.192903184608742
2024-01-27 10:44:46,868 - INFO - Elapsed time: 0.01 seconds
