2024-02-18 22:04:05,701 - INFO - --------------------------------------------------
2024-02-18 22:04:05,701 - INFO - benchmark: ackley
2024-02-18 22:04:05,701 - INFO - benchmark_params:
2024-02-18 22:04:05,701 - INFO -     dim: 20
2024-02-18 22:04:05,701 - INFO -     lb: -5
2024-02-18 22:04:05,701 - INFO -     ub: 10
2024-02-18 22:04:05,701 - INFO - tuner_params:
2024-02-18 22:04:05,701 - INFO -     seed: 1024
2024-02-18 22:04:05,701 - INFO -     num_evals: 200
2024-02-18 22:04:05,701 - INFO -     batch_size: 1
2024-02-18 22:04:05,701 - INFO -     extern_init: False
2024-02-18 22:04:05,701 - INFO -     init_design: lhs
2024-02-18 22:04:05,701 - INFO -     init_by_dim: True
2024-02-18 22:04:05,701 - INFO -     num_init: 40
2024-02-18 22:04:05,702 - INFO -     optimizer: turbo
2024-02-18 22:04:05,702 - INFO -     optimizer_params: {'acquisition': 'ts'}
2024-02-18 22:04:05,702 - INFO - expr_name: TuRBO_ackley_20
2024-02-18 22:04:05,702 - INFO - --------------------------------------------------
2024-02-18 22:04:05,702 - INFO - [ackley] Using Ackley 20D
2024-02-18 22:04:05,702 - INFO - [Tuner] Start optimization using turbo for 200 iterations
2024-02-18 22:04:05,703 - INFO - --------------------------------------------------------------------------------
2024-02-18 22:04:05,703 - INFO - Restart 0:
2024-02-18 22:04:05,711 - INFO - [TuRBO] Start local modeling with 40 data points
2024-02-18 22:04:07,191 - INFO - [TuRBO] [Restart 0] 41) Best value: -1.37e+01 | TR length: 8.00e-01 | num. restarts: 0/20 | num. successes: 1/10
2024-02-18 22:04:08,033 - INFO - [TuRBO] [Restart 0] 42) Best value: -1.37e+01 | TR length: 8.00e-01 | num. restarts: 1/20 | num. successes: 0/10
2024-02-18 22:04:08,868 - INFO - [TuRBO] [Restart 0] 43) Best value: -1.37e+01 | TR length: 8.00e-01 | num. restarts: 2/20 | num. successes: 0/10
2024-02-18 22:04:09,707 - INFO - [TuRBO] [Restart 0] 44) Best value: -1.37e+01 | TR length: 8.00e-01 | num. restarts: 3/20 | num. successes: 0/10
2024-02-18 22:04:10,620 - INFO - [TuRBO] [Restart 0] 45) Best value: -1.32e+01 | TR length: 8.00e-01 | num. restarts: 0/20 | num. successes: 1/10
2024-02-18 22:04:11,613 - INFO - [TuRBO] [Restart 0] 46) Best value: -1.32e+01 | TR length: 8.00e-01 | num. restarts: 1/20 | num. successes: 0/10
2024-02-18 22:04:12,421 - INFO - [TuRBO] [Restart 0] 47) Best value: -1.32e+01 | TR length: 8.00e-01 | num. restarts: 2/20 | num. successes: 0/10
2024-02-18 22:04:13,260 - INFO - [TuRBO] [Restart 0] 48) Best value: -1.32e+01 | TR length: 8.00e-01 | num. restarts: 3/20 | num. successes: 0/10
2024-02-18 22:04:14,086 - INFO - [TuRBO] [Restart 0] 49) Best value: -1.19e+01 | TR length: 8.00e-01 | num. restarts: 0/20 | num. successes: 1/10
2024-02-18 22:04:14,927 - INFO - [TuRBO] [Restart 0] 50) Best value: -1.03e+01 | TR length: 8.00e-01 | num. restarts: 0/20 | num. successes: 2/10
2024-02-18 22:04:15,887 - INFO - [TuRBO] [Restart 0] 51) Best value: -1.03e+01 | TR length: 8.00e-01 | num. restarts: 1/20 | num. successes: 0/10
2024-02-18 22:04:16,914 - INFO - [TuRBO] [Restart 0] 52) Best value: -1.03e+01 | TR length: 8.00e-01 | num. restarts: 2/20 | num. successes: 0/10
2024-02-18 22:04:17,979 - INFO - [TuRBO] [Restart 0] 53) Best value: -1.03e+01 | TR length: 8.00e-01 | num. restarts: 3/20 | num. successes: 0/10
2024-02-18 22:04:18,940 - INFO - [TuRBO] [Restart 0] 54) Best value: -1.03e+01 | TR length: 8.00e-01 | num. restarts: 4/20 | num. successes: 0/10
2024-02-18 22:04:20,074 - INFO - [TuRBO] [Restart 0] 55) Best value: -1.03e+01 | TR length: 8.00e-01 | num. restarts: 5/20 | num. successes: 0/10
2024-02-18 22:04:21,048 - INFO - [TuRBO] [Restart 0] 56) Best value: -1.03e+01 | TR length: 8.00e-01 | num. restarts: 6/20 | num. successes: 0/10
2024-02-18 22:04:22,203 - INFO - [TuRBO] [Restart 0] 57) Best value: -1.03e+01 | TR length: 8.00e-01 | num. restarts: 7/20 | num. successes: 0/10
2024-02-18 22:04:23,245 - INFO - [TuRBO] [Restart 0] 58) Best value: -9.22e+00 | TR length: 8.00e-01 | num. restarts: 0/20 | num. successes: 1/10
2024-02-18 22:04:24,153 - INFO - [TuRBO] [Restart 0] 59) Best value: -9.22e+00 | TR length: 8.00e-01 | num. restarts: 1/20 | num. successes: 0/10
2024-02-18 22:04:25,141 - INFO - [TuRBO] [Restart 0] 60) Best value: -9.22e+00 | TR length: 8.00e-01 | num. restarts: 2/20 | num. successes: 0/10
2024-02-18 22:04:26,095 - INFO - [TuRBO] [Restart 0] 61) Best value: -9.22e+00 | TR length: 8.00e-01 | num. restarts: 3/20 | num. successes: 0/10
2024-02-18 22:04:27,028 - INFO - [TuRBO] [Restart 0] 62) Best value: -9.22e+00 | TR length: 8.00e-01 | num. restarts: 4/20 | num. successes: 0/10
2024-02-18 22:04:27,928 - INFO - [TuRBO] [Restart 0] 63) Best value: -9.22e+00 | TR length: 8.00e-01 | num. restarts: 5/20 | num. successes: 0/10
2024-02-18 22:04:29,083 - INFO - [TuRBO] [Restart 0] 64) Best value: -9.22e+00 | TR length: 8.00e-01 | num. restarts: 6/20 | num. successes: 0/10
2024-02-18 22:04:30,069 - INFO - [TuRBO] [Restart 0] 65) Best value: -8.85e+00 | TR length: 8.00e-01 | num. restarts: 0/20 | num. successes: 1/10
2024-02-18 22:04:30,996 - INFO - [TuRBO] [Restart 0] 66) Best value: -8.85e+00 | TR length: 8.00e-01 | num. restarts: 1/20 | num. successes: 0/10
2024-02-18 22:04:32,038 - INFO - [TuRBO] [Restart 0] 67) Best value: -7.97e+00 | TR length: 8.00e-01 | num. restarts: 0/20 | num. successes: 1/10
2024-02-18 22:04:32,990 - INFO - [TuRBO] [Restart 0] 68) Best value: -7.97e+00 | TR length: 8.00e-01 | num. restarts: 1/20 | num. successes: 0/10
2024-02-18 22:04:33,953 - INFO - [TuRBO] [Restart 0] 69) Best value: -7.97e+00 | TR length: 8.00e-01 | num. restarts: 2/20 | num. successes: 0/10
2024-02-18 22:04:34,956 - INFO - [TuRBO] [Restart 0] 70) Best value: -7.97e+00 | TR length: 8.00e-01 | num. restarts: 3/20 | num. successes: 0/10
2024-02-18 22:04:36,081 - INFO - [TuRBO] [Restart 0] 71) Best value: -7.97e+00 | TR length: 8.00e-01 | num. restarts: 4/20 | num. successes: 0/10
2024-02-18 22:04:37,202 - INFO - [TuRBO] [Restart 0] 72) Best value: -7.97e+00 | TR length: 8.00e-01 | num. restarts: 5/20 | num. successes: 0/10
2024-02-18 22:04:38,145 - INFO - [TuRBO] [Restart 0] 73) Best value: -7.97e+00 | TR length: 8.00e-01 | num. restarts: 6/20 | num. successes: 0/10
2024-02-18 22:04:39,137 - INFO - [TuRBO] [Restart 0] 74) Best value: -7.97e+00 | TR length: 8.00e-01 | num. restarts: 7/20 | num. successes: 0/10
2024-02-18 22:04:40,095 - INFO - [TuRBO] [Restart 0] 75) Best value: -7.97e+00 | TR length: 8.00e-01 | num. restarts: 8/20 | num. successes: 0/10
2024-02-18 22:04:41,048 - INFO - [TuRBO] [Restart 0] 76) Best value: -7.97e+00 | TR length: 8.00e-01 | num. restarts: 9/20 | num. successes: 0/10
2024-02-18 22:04:42,044 - INFO - [TuRBO] [Restart 0] 77) Best value: -7.97e+00 | TR length: 8.00e-01 | num. restarts: 10/20 | num. successes: 0/10
2024-02-18 22:04:43,075 - INFO - [TuRBO] [Restart 0] 78) Best value: -7.97e+00 | TR length: 8.00e-01 | num. restarts: 11/20 | num. successes: 0/10
2024-02-18 22:04:44,004 - INFO - [TuRBO] [Restart 0] 79) Best value: -7.97e+00 | TR length: 8.00e-01 | num. restarts: 12/20 | num. successes: 0/10
2024-02-18 22:04:44,918 - INFO - [TuRBO] [Restart 0] 80) Best value: -7.97e+00 | TR length: 8.00e-01 | num. restarts: 13/20 | num. successes: 0/10
2024-02-18 22:04:45,853 - INFO - [TuRBO] [Restart 0] 81) Best value: -7.97e+00 | TR length: 8.00e-01 | num. restarts: 14/20 | num. successes: 0/10
2024-02-18 22:04:46,852 - INFO - [TuRBO] [Restart 0] 82) Best value: -7.97e+00 | TR length: 8.00e-01 | num. restarts: 15/20 | num. successes: 0/10
2024-02-18 22:04:47,760 - INFO - [TuRBO] [Restart 0] 83) Best value: -7.97e+00 | TR length: 8.00e-01 | num. restarts: 16/20 | num. successes: 0/10
2024-02-18 22:04:48,673 - INFO - [TuRBO] [Restart 0] 84) Best value: -7.97e+00 | TR length: 8.00e-01 | num. restarts: 17/20 | num. successes: 0/10
2024-02-18 22:04:49,574 - INFO - [TuRBO] [Restart 0] 85) Best value: -7.97e+00 | TR length: 8.00e-01 | num. restarts: 18/20 | num. successes: 0/10
2024-02-18 22:04:50,673 - INFO - [TuRBO] [Restart 0] 86) Best value: -7.15e+00 | TR length: 8.00e-01 | num. restarts: 0/20 | num. successes: 1/10
2024-02-18 22:04:51,595 - INFO - [TuRBO] [Restart 0] 87) Best value: -7.15e+00 | TR length: 8.00e-01 | num. restarts: 1/20 | num. successes: 0/10
2024-02-18 22:04:52,457 - INFO - [TuRBO] [Restart 0] 88) Best value: -7.15e+00 | TR length: 8.00e-01 | num. restarts: 2/20 | num. successes: 0/10
2024-02-18 22:04:53,330 - INFO - [TuRBO] [Restart 0] 89) Best value: -7.15e+00 | TR length: 8.00e-01 | num. restarts: 3/20 | num. successes: 0/10
2024-02-18 22:04:54,278 - INFO - [TuRBO] [Restart 0] 90) Best value: -7.15e+00 | TR length: 8.00e-01 | num. restarts: 4/20 | num. successes: 0/10
2024-02-18 22:04:55,149 - INFO - [TuRBO] [Restart 0] 91) Best value: -7.15e+00 | TR length: 8.00e-01 | num. restarts: 5/20 | num. successes: 0/10
2024-02-18 22:04:56,035 - INFO - [TuRBO] [Restart 0] 92) Best value: -7.15e+00 | TR length: 8.00e-01 | num. restarts: 6/20 | num. successes: 0/10
2024-02-18 22:04:56,997 - INFO - [TuRBO] [Restart 0] 93) Best value: -7.15e+00 | TR length: 8.00e-01 | num. restarts: 7/20 | num. successes: 0/10
2024-02-18 22:04:57,966 - INFO - [TuRBO] [Restart 0] 94) Best value: -7.15e+00 | TR length: 8.00e-01 | num. restarts: 8/20 | num. successes: 0/10
2024-02-18 22:04:58,959 - INFO - [TuRBO] [Restart 0] 95) Best value: -7.15e+00 | TR length: 8.00e-01 | num. restarts: 9/20 | num. successes: 0/10
2024-02-18 22:04:59,926 - INFO - [TuRBO] [Restart 0] 96) Best value: -7.15e+00 | TR length: 8.00e-01 | num. restarts: 10/20 | num. successes: 0/10
2024-02-18 22:05:00,966 - INFO - [TuRBO] [Restart 0] 97) Best value: -7.15e+00 | TR length: 8.00e-01 | num. restarts: 11/20 | num. successes: 0/10
2024-02-18 22:05:02,080 - INFO - [TuRBO] [Restart 0] 98) Best value: -7.15e+00 | TR length: 8.00e-01 | num. restarts: 12/20 | num. successes: 0/10
2024-02-18 22:05:03,099 - INFO - [TuRBO] [Restart 0] 99) Best value: -7.15e+00 | TR length: 8.00e-01 | num. restarts: 13/20 | num. successes: 0/10
2024-02-18 22:05:04,313 - INFO - [TuRBO] [Restart 0] 100) Best value: -7.15e+00 | TR length: 8.00e-01 | num. restarts: 14/20 | num. successes: 0/10
2024-02-18 22:05:05,204 - INFO - [TuRBO] [Restart 0] 101) Best value: -7.15e+00 | TR length: 8.00e-01 | num. restarts: 15/20 | num. successes: 0/10
2024-02-18 22:05:06,147 - INFO - [TuRBO] [Restart 0] 102) Best value: -7.15e+00 | TR length: 8.00e-01 | num. restarts: 16/20 | num. successes: 0/10
2024-02-18 22:05:07,057 - INFO - [TuRBO] [Restart 0] 103) Best value: -7.15e+00 | TR length: 8.00e-01 | num. restarts: 17/20 | num. successes: 0/10
2024-02-18 22:05:08,076 - INFO - [TuRBO] [Restart 0] 104) Best value: -7.15e+00 | TR length: 8.00e-01 | num. restarts: 18/20 | num. successes: 0/10
2024-02-18 22:05:08,965 - INFO - [TuRBO] [Restart 0] 105) Best value: -7.15e+00 | TR length: 8.00e-01 | num. restarts: 19/20 | num. successes: 0/10
2024-02-18 22:05:09,868 - INFO - [TuRBO] [Restart 0] 106) Best value: -7.15e+00 | TR length: 4.00e-01 | num. restarts: 0/20 | num. successes: 0/10
2024-02-18 22:05:10,814 - INFO - [TuRBO] [Restart 0] 107) Best value: -7.15e+00 | TR length: 4.00e-01 | num. restarts: 1/20 | num. successes: 0/10
2024-02-18 22:05:11,773 - INFO - [TuRBO] [Restart 0] 108) Best value: -6.42e+00 | TR length: 4.00e-01 | num. restarts: 0/20 | num. successes: 1/10
2024-02-18 22:05:12,715 - INFO - [TuRBO] [Restart 0] 109) Best value: -5.62e+00 | TR length: 4.00e-01 | num. restarts: 0/20 | num. successes: 2/10
2024-02-18 22:05:13,659 - INFO - [TuRBO] [Restart 0] 110) Best value: -5.62e+00 | TR length: 4.00e-01 | num. restarts: 1/20 | num. successes: 0/10
2024-02-18 22:05:14,570 - INFO - [TuRBO] [Restart 0] 111) Best value: -5.62e+00 | TR length: 4.00e-01 | num. restarts: 2/20 | num. successes: 0/10
2024-02-18 22:05:15,758 - INFO - [TuRBO] [Restart 0] 112) Best value: -5.62e+00 | TR length: 4.00e-01 | num. restarts: 3/20 | num. successes: 0/10
2024-02-18 22:05:16,731 - INFO - [TuRBO] [Restart 0] 113) Best value: -5.62e+00 | TR length: 4.00e-01 | num. restarts: 4/20 | num. successes: 0/10
2024-02-18 22:05:17,688 - INFO - [TuRBO] [Restart 0] 114) Best value: -5.62e+00 | TR length: 4.00e-01 | num. restarts: 5/20 | num. successes: 0/10
2024-02-18 22:05:18,650 - INFO - [TuRBO] [Restart 0] 115) Best value: -5.62e+00 | TR length: 4.00e-01 | num. restarts: 6/20 | num. successes: 0/10
2024-02-18 22:05:19,515 - INFO - [TuRBO] [Restart 0] 116) Best value: -5.62e+00 | TR length: 4.00e-01 | num. restarts: 7/20 | num. successes: 0/10
2024-02-18 22:05:20,432 - INFO - [TuRBO] [Restart 0] 117) Best value: -5.62e+00 | TR length: 4.00e-01 | num. restarts: 8/20 | num. successes: 0/10
2024-02-18 22:05:21,345 - INFO - [TuRBO] [Restart 0] 118) Best value: -5.59e+00 | TR length: 4.00e-01 | num. restarts: 0/20 | num. successes: 1/10
2024-02-18 22:05:22,330 - INFO - [TuRBO] [Restart 0] 119) Best value: -5.59e+00 | TR length: 4.00e-01 | num. restarts: 1/20 | num. successes: 0/10
2024-02-18 22:05:23,279 - INFO - [TuRBO] [Restart 0] 120) Best value: -5.42e+00 | TR length: 4.00e-01 | num. restarts: 0/20 | num. successes: 1/10
2024-02-18 22:05:24,190 - INFO - [TuRBO] [Restart 0] 121) Best value: -5.42e+00 | TR length: 4.00e-01 | num. restarts: 1/20 | num. successes: 0/10
2024-02-18 22:05:25,105 - INFO - [TuRBO] [Restart 0] 122) Best value: -5.42e+00 | TR length: 4.00e-01 | num. restarts: 2/20 | num. successes: 0/10
2024-02-18 22:05:26,084 - INFO - [TuRBO] [Restart 0] 123) Best value: -5.42e+00 | TR length: 4.00e-01 | num. restarts: 3/20 | num. successes: 0/10
2024-02-18 22:05:26,969 - INFO - [TuRBO] [Restart 0] 124) Best value: -5.42e+00 | TR length: 4.00e-01 | num. restarts: 4/20 | num. successes: 0/10
2024-02-18 22:05:27,875 - INFO - [TuRBO] [Restart 0] 125) Best value: -5.42e+00 | TR length: 4.00e-01 | num. restarts: 5/20 | num. successes: 0/10
2024-02-18 22:05:28,794 - INFO - [TuRBO] [Restart 0] 126) Best value: -5.42e+00 | TR length: 4.00e-01 | num. restarts: 6/20 | num. successes: 0/10
2024-02-18 22:05:29,802 - INFO - [TuRBO] [Restart 0] 127) Best value: -5.42e+00 | TR length: 4.00e-01 | num. restarts: 7/20 | num. successes: 0/10
2024-02-18 22:05:30,831 - INFO - [TuRBO] [Restart 0] 128) Best value: -5.42e+00 | TR length: 4.00e-01 | num. restarts: 8/20 | num. successes: 0/10
2024-02-18 22:05:32,419 - INFO - [TuRBO] [Restart 0] 129) Best value: -5.42e+00 | TR length: 4.00e-01 | num. restarts: 9/20 | num. successes: 0/10
2024-02-18 22:05:33,442 - INFO - [TuRBO] [Restart 0] 130) Best value: -4.98e+00 | TR length: 4.00e-01 | num. restarts: 0/20 | num. successes: 1/10
2024-02-18 22:05:34,431 - INFO - [TuRBO] [Restart 0] 131) Best value: -4.90e+00 | TR length: 4.00e-01 | num. restarts: 0/20 | num. successes: 2/10
2024-02-18 22:05:35,454 - INFO - [TuRBO] [Restart 0] 132) Best value: -4.90e+00 | TR length: 4.00e-01 | num. restarts: 1/20 | num. successes: 0/10
2024-02-18 22:05:37,540 - INFO - [TuRBO] [Restart 0] 133) Best value: -4.90e+00 | TR length: 4.00e-01 | num. restarts: 2/20 | num. successes: 0/10
2024-02-18 22:05:39,621 - INFO - [TuRBO] [Restart 0] 134) Best value: -4.90e+00 | TR length: 4.00e-01 | num. restarts: 3/20 | num. successes: 0/10
2024-02-18 22:05:41,975 - INFO - [TuRBO] [Restart 0] 135) Best value: -4.90e+00 | TR length: 4.00e-01 | num. restarts: 4/20 | num. successes: 0/10
2024-02-18 22:05:44,930 - INFO - [TuRBO] [Restart 0] 136) Best value: -4.90e+00 | TR length: 4.00e-01 | num. restarts: 5/20 | num. successes: 0/10
2024-02-18 22:05:46,355 - INFO - [TuRBO] [Restart 0] 137) Best value: -4.90e+00 | TR length: 4.00e-01 | num. restarts: 6/20 | num. successes: 0/10
2024-02-18 22:05:48,202 - INFO - [TuRBO] [Restart 0] 138) Best value: -4.90e+00 | TR length: 4.00e-01 | num. restarts: 7/20 | num. successes: 0/10
2024-02-18 22:05:49,823 - INFO - [TuRBO] [Restart 0] 139) Best value: -4.90e+00 | TR length: 4.00e-01 | num. restarts: 8/20 | num. successes: 0/10
2024-02-18 22:05:51,483 - INFO - [TuRBO] [Restart 0] 140) Best value: -4.90e+00 | TR length: 4.00e-01 | num. restarts: 9/20 | num. successes: 0/10
2024-02-18 22:05:53,192 - INFO - [TuRBO] [Restart 0] 141) Best value: -4.90e+00 | TR length: 4.00e-01 | num. restarts: 10/20 | num. successes: 0/10
2024-02-18 22:05:54,788 - INFO - [TuRBO] [Restart 0] 142) Best value: -4.90e+00 | TR length: 4.00e-01 | num. restarts: 11/20 | num. successes: 0/10
2024-02-18 22:05:56,131 - INFO - [TuRBO] [Restart 0] 143) Best value: -4.90e+00 | TR length: 4.00e-01 | num. restarts: 12/20 | num. successes: 0/10
2024-02-18 22:05:57,851 - INFO - [TuRBO] [Restart 0] 144) Best value: -4.90e+00 | TR length: 4.00e-01 | num. restarts: 13/20 | num. successes: 0/10
2024-02-18 22:05:59,574 - INFO - [TuRBO] [Restart 0] 145) Best value: -4.90e+00 | TR length: 4.00e-01 | num. restarts: 14/20 | num. successes: 0/10
2024-02-18 22:06:01,222 - INFO - [TuRBO] [Restart 0] 146) Best value: -4.90e+00 | TR length: 4.00e-01 | num. restarts: 15/20 | num. successes: 0/10
2024-02-18 22:06:02,849 - INFO - [TuRBO] [Restart 0] 147) Best value: -4.90e+00 | TR length: 4.00e-01 | num. restarts: 16/20 | num. successes: 0/10
2024-02-18 22:06:04,425 - INFO - [TuRBO] [Restart 0] 148) Best value: -4.39e+00 | TR length: 4.00e-01 | num. restarts: 0/20 | num. successes: 1/10
2024-02-18 22:06:06,639 - INFO - [TuRBO] [Restart 0] 149) Best value: -4.39e+00 | TR length: 4.00e-01 | num. restarts: 1/20 | num. successes: 0/10
2024-02-18 22:06:08,325 - INFO - [TuRBO] [Restart 0] 150) Best value: -4.39e+00 | TR length: 4.00e-01 | num. restarts: 2/20 | num. successes: 0/10
2024-02-18 22:06:10,273 - INFO - [TuRBO] [Restart 0] 151) Best value: -4.39e+00 | TR length: 4.00e-01 | num. restarts: 3/20 | num. successes: 0/10
2024-02-18 22:06:11,832 - INFO - [TuRBO] [Restart 0] 152) Best value: -4.39e+00 | TR length: 4.00e-01 | num. restarts: 4/20 | num. successes: 0/10
2024-02-18 22:06:13,664 - INFO - [TuRBO] [Restart 0] 153) Best value: -4.39e+00 | TR length: 4.00e-01 | num. restarts: 5/20 | num. successes: 0/10
2024-02-18 22:06:15,515 - INFO - [TuRBO] [Restart 0] 154) Best value: -4.39e+00 | TR length: 4.00e-01 | num. restarts: 6/20 | num. successes: 0/10
2024-02-18 22:06:17,518 - INFO - [TuRBO] [Restart 0] 155) Best value: -4.39e+00 | TR length: 4.00e-01 | num. restarts: 7/20 | num. successes: 0/10
2024-02-18 22:06:19,176 - INFO - [TuRBO] [Restart 0] 156) Best value: -4.39e+00 | TR length: 4.00e-01 | num. restarts: 8/20 | num. successes: 0/10
2024-02-18 22:06:20,782 - INFO - [TuRBO] [Restart 0] 157) Best value: -4.39e+00 | TR length: 4.00e-01 | num. restarts: 9/20 | num. successes: 0/10
2024-02-18 22:06:22,241 - INFO - [TuRBO] [Restart 0] 158) Best value: -4.39e+00 | TR length: 4.00e-01 | num. restarts: 10/20 | num. successes: 0/10
2024-02-18 22:06:23,975 - INFO - [TuRBO] [Restart 0] 159) Best value: -4.39e+00 | TR length: 4.00e-01 | num. restarts: 11/20 | num. successes: 0/10
2024-02-18 22:06:25,600 - INFO - [TuRBO] [Restart 0] 160) Best value: -4.39e+00 | TR length: 4.00e-01 | num. restarts: 12/20 | num. successes: 0/10
2024-02-18 22:06:25,601 - INFO - --------------------------------------------------
2024-02-18 22:06:25,601 - INFO - Best X: [-2.191673659096646, 0.7371769080339154, -0.7254991224872684, -0.1417386359490198, -0.7750355912703553, -0.1783678321836586, 0.11158818619470434, -0.7205242207738385, 0.8508514628112414, -1.0780243938755136, -0.30304079893748437, -0.10441827478264454, -0.1913490503294133, -0.41704507766991394, 0.5764454668593224, 0.6369699931119008, -0.21324678984219325, -0.12264493823372291, -0.5291480450114641, 0.49793069241910004]
2024-02-18 22:06:25,601 - INFO - Best Y: 4.38637998301639
2024-02-18 22:06:25,601 - INFO - Elapsed time: 139.90 seconds
2024-02-18 22:11:21,110 - INFO - 

2024-02-18 22:11:21,111 - INFO - --------------------------------------------------
2024-02-18 22:11:21,111 - INFO - benchmark: ackley
2024-02-18 22:11:21,111 - INFO - benchmark_params:
2024-02-18 22:11:21,111 - INFO -     dim: 20
2024-02-18 22:11:21,111 - INFO -     lb: -5
2024-02-18 22:11:21,111 - INFO -     ub: 10
2024-02-18 22:11:21,111 - INFO - tuner_params:
2024-02-18 22:11:21,111 - INFO -     seed: 1024
2024-02-18 22:11:21,111 - INFO -     num_evals: 200
2024-02-18 22:11:21,111 - INFO -     batch_size: 1
2024-02-18 22:11:21,111 - INFO -     extern_init: False
2024-02-18 22:11:21,111 - INFO -     init_design: lhs
2024-02-18 22:11:21,111 - INFO -     init_by_dim: True
2024-02-18 22:11:21,111 - INFO -     num_init: 40
2024-02-18 22:11:21,111 - INFO -     optimizer: turbo
2024-02-18 22:11:21,111 - INFO -     optimizer_params: {'acquisition': 'ts'}
2024-02-18 22:11:21,111 - INFO - expr_name: TuRBO_ackley_20
2024-02-18 22:11:21,111 - INFO - --------------------------------------------------
2024-02-18 22:11:21,111 - INFO - [ackley] Using Ackley 20D
2024-02-18 22:11:21,112 - INFO - [Tuner] Start optimization using turbo for 200 iterations
2024-02-18 22:11:21,112 - INFO - --------------------------------------------------------------------------------
2024-02-18 22:11:21,112 - INFO - Restart 0:
2024-02-18 22:11:21,122 - INFO - [TuRBO] Start local modeling with 40 data points
2024-02-18 22:11:22,004 - INFO - [TuRBO] [Restart 0] 41) Best value: -1.37e+01 | TR length: 8.00e-01 | num. restarts: 0/20 | num. successes: 1/10
2024-02-18 22:11:22,873 - INFO - [TuRBO] [Restart 0] 42) Best value: -1.37e+01 | TR length: 8.00e-01 | num. restarts: 1/20 | num. successes: 0/10
2024-02-18 22:11:23,845 - INFO - [TuRBO] [Restart 0] 43) Best value: -1.37e+01 | TR length: 8.00e-01 | num. restarts: 2/20 | num. successes: 0/10
2024-02-18 22:11:24,740 - INFO - [TuRBO] [Restart 0] 44) Best value: -1.37e+01 | TR length: 8.00e-01 | num. restarts: 3/20 | num. successes: 0/10
2024-02-18 22:11:25,612 - INFO - [TuRBO] [Restart 0] 45) Best value: -1.32e+01 | TR length: 8.00e-01 | num. restarts: 0/20 | num. successes: 1/10
2024-02-18 22:11:26,633 - INFO - [TuRBO] [Restart 0] 46) Best value: -1.32e+01 | TR length: 8.00e-01 | num. restarts: 1/20 | num. successes: 0/10
2024-02-18 22:11:27,489 - INFO - [TuRBO] [Restart 0] 47) Best value: -1.32e+01 | TR length: 8.00e-01 | num. restarts: 2/20 | num. successes: 0/10
2024-02-18 22:11:28,381 - INFO - [TuRBO] [Restart 0] 48) Best value: -1.32e+01 | TR length: 8.00e-01 | num. restarts: 3/20 | num. successes: 0/10
2024-02-18 22:11:29,206 - INFO - [TuRBO] [Restart 0] 49) Best value: -1.19e+01 | TR length: 8.00e-01 | num. restarts: 0/20 | num. successes: 1/10
2024-02-18 22:11:30,117 - INFO - [TuRBO] [Restart 0] 50) Best value: -1.03e+01 | TR length: 8.00e-01 | num. restarts: 0/20 | num. successes: 2/10
2024-02-18 22:11:31,094 - INFO - [TuRBO] [Restart 0] 51) Best value: -1.03e+01 | TR length: 8.00e-01 | num. restarts: 1/20 | num. successes: 0/10
2024-02-18 22:11:32,285 - INFO - [TuRBO] [Restart 0] 52) Best value: -1.03e+01 | TR length: 8.00e-01 | num. restarts: 2/20 | num. successes: 0/10
2024-02-18 22:11:33,225 - INFO - [TuRBO] [Restart 0] 53) Best value: -1.03e+01 | TR length: 8.00e-01 | num. restarts: 3/20 | num. successes: 0/10
2024-02-18 22:11:34,331 - INFO - [TuRBO] [Restart 0] 54) Best value: -1.03e+01 | TR length: 8.00e-01 | num. restarts: 4/20 | num. successes: 0/10
2024-02-18 22:11:35,352 - INFO - [TuRBO] [Restart 0] 55) Best value: -1.03e+01 | TR length: 8.00e-01 | num. restarts: 5/20 | num. successes: 0/10
2024-02-18 22:11:36,296 - INFO - [TuRBO] [Restart 0] 56) Best value: -1.03e+01 | TR length: 8.00e-01 | num. restarts: 6/20 | num. successes: 0/10
2024-02-18 22:11:37,299 - INFO - [TuRBO] [Restart 0] 57) Best value: -1.03e+01 | TR length: 8.00e-01 | num. restarts: 7/20 | num. successes: 0/10
2024-02-18 22:11:38,253 - INFO - [TuRBO] [Restart 0] 58) Best value: -9.22e+00 | TR length: 8.00e-01 | num. restarts: 0/20 | num. successes: 1/10
2024-02-18 22:11:39,205 - INFO - [TuRBO] [Restart 0] 59) Best value: -9.22e+00 | TR length: 8.00e-01 | num. restarts: 1/20 | num. successes: 0/10
2024-02-18 22:11:40,132 - INFO - [TuRBO] [Restart 0] 60) Best value: -9.22e+00 | TR length: 8.00e-01 | num. restarts: 2/20 | num. successes: 0/10
2024-02-18 22:11:41,067 - INFO - [TuRBO] [Restart 0] 61) Best value: -9.22e+00 | TR length: 8.00e-01 | num. restarts: 3/20 | num. successes: 0/10
2024-02-18 22:11:41,996 - INFO - [TuRBO] [Restart 0] 62) Best value: -9.22e+00 | TR length: 8.00e-01 | num. restarts: 4/20 | num. successes: 0/10
2024-02-18 22:11:42,984 - INFO - [TuRBO] [Restart 0] 63) Best value: -9.22e+00 | TR length: 8.00e-01 | num. restarts: 5/20 | num. successes: 0/10
2024-02-18 22:11:43,964 - INFO - [TuRBO] [Restart 0] 64) Best value: -9.22e+00 | TR length: 8.00e-01 | num. restarts: 6/20 | num. successes: 0/10
2024-02-18 22:11:44,993 - INFO - [TuRBO] [Restart 0] 65) Best value: -8.85e+00 | TR length: 8.00e-01 | num. restarts: 0/20 | num. successes: 1/10
2024-02-18 22:11:45,985 - INFO - [TuRBO] [Restart 0] 66) Best value: -8.85e+00 | TR length: 8.00e-01 | num. restarts: 1/20 | num. successes: 0/10
2024-02-18 22:11:47,029 - INFO - [TuRBO] [Restart 0] 67) Best value: -7.97e+00 | TR length: 8.00e-01 | num. restarts: 0/20 | num. successes: 1/10
2024-02-18 22:11:47,998 - INFO - [TuRBO] [Restart 0] 68) Best value: -7.97e+00 | TR length: 8.00e-01 | num. restarts: 1/20 | num. successes: 0/10
2024-02-18 22:11:48,977 - INFO - [TuRBO] [Restart 0] 69) Best value: -7.97e+00 | TR length: 8.00e-01 | num. restarts: 2/20 | num. successes: 0/10
2024-02-18 22:11:50,025 - INFO - [TuRBO] [Restart 0] 70) Best value: -7.97e+00 | TR length: 8.00e-01 | num. restarts: 3/20 | num. successes: 0/10
2024-02-18 22:11:51,324 - INFO - [TuRBO] [Restart 0] 71) Best value: -7.97e+00 | TR length: 8.00e-01 | num. restarts: 4/20 | num. successes: 0/10
2024-02-18 22:11:52,489 - INFO - [TuRBO] [Restart 0] 72) Best value: -7.97e+00 | TR length: 8.00e-01 | num. restarts: 5/20 | num. successes: 0/10
2024-02-18 22:11:53,492 - INFO - [TuRBO] [Restart 0] 73) Best value: -7.97e+00 | TR length: 8.00e-01 | num. restarts: 6/20 | num. successes: 0/10
2024-02-18 22:11:54,678 - INFO - [TuRBO] [Restart 0] 74) Best value: -7.97e+00 | TR length: 8.00e-01 | num. restarts: 7/20 | num. successes: 0/10
2024-02-18 22:11:55,624 - INFO - [TuRBO] [Restart 0] 75) Best value: -7.97e+00 | TR length: 8.00e-01 | num. restarts: 8/20 | num. successes: 0/10
2024-02-18 22:11:56,552 - INFO - [TuRBO] [Restart 0] 76) Best value: -7.97e+00 | TR length: 8.00e-01 | num. restarts: 9/20 | num. successes: 0/10
2024-02-18 22:11:57,473 - INFO - [TuRBO] [Restart 0] 77) Best value: -7.97e+00 | TR length: 8.00e-01 | num. restarts: 10/20 | num. successes: 0/10
2024-02-18 22:11:58,473 - INFO - [TuRBO] [Restart 0] 78) Best value: -7.97e+00 | TR length: 8.00e-01 | num. restarts: 11/20 | num. successes: 0/10
2024-02-18 22:11:59,433 - INFO - [TuRBO] [Restart 0] 79) Best value: -7.97e+00 | TR length: 8.00e-01 | num. restarts: 12/20 | num. successes: 0/10
2024-02-18 22:12:00,367 - INFO - [TuRBO] [Restart 0] 80) Best value: -7.97e+00 | TR length: 8.00e-01 | num. restarts: 13/20 | num. successes: 0/10
2024-02-18 22:12:01,341 - INFO - [TuRBO] [Restart 0] 81) Best value: -7.97e+00 | TR length: 8.00e-01 | num. restarts: 14/20 | num. successes: 0/10
2024-02-18 22:12:02,409 - INFO - [TuRBO] [Restart 0] 82) Best value: -7.97e+00 | TR length: 8.00e-01 | num. restarts: 15/20 | num. successes: 0/10
2024-02-18 22:12:03,328 - INFO - [TuRBO] [Restart 0] 83) Best value: -7.97e+00 | TR length: 8.00e-01 | num. restarts: 16/20 | num. successes: 0/10
2024-02-18 22:12:04,315 - INFO - [TuRBO] [Restart 0] 84) Best value: -7.97e+00 | TR length: 8.00e-01 | num. restarts: 17/20 | num. successes: 0/10
2024-02-18 22:12:05,234 - INFO - [TuRBO] [Restart 0] 85) Best value: -7.97e+00 | TR length: 8.00e-01 | num. restarts: 18/20 | num. successes: 0/10
2024-02-18 22:12:06,223 - INFO - [TuRBO] [Restart 0] 86) Best value: -7.15e+00 | TR length: 8.00e-01 | num. restarts: 0/20 | num. successes: 1/10
2024-02-18 22:12:07,130 - INFO - [TuRBO] [Restart 0] 87) Best value: -7.15e+00 | TR length: 8.00e-01 | num. restarts: 1/20 | num. successes: 0/10
2024-02-18 22:12:08,065 - INFO - [TuRBO] [Restart 0] 88) Best value: -7.15e+00 | TR length: 8.00e-01 | num. restarts: 2/20 | num. successes: 0/10
2024-02-18 22:12:08,976 - INFO - [TuRBO] [Restart 0] 89) Best value: -7.15e+00 | TR length: 8.00e-01 | num. restarts: 3/20 | num. successes: 0/10
2024-02-18 22:12:09,952 - INFO - [TuRBO] [Restart 0] 90) Best value: -7.15e+00 | TR length: 8.00e-01 | num. restarts: 4/20 | num. successes: 0/10
2024-02-18 22:12:10,863 - INFO - [TuRBO] [Restart 0] 91) Best value: -7.15e+00 | TR length: 8.00e-01 | num. restarts: 5/20 | num. successes: 0/10
2024-02-18 22:12:11,808 - INFO - [TuRBO] [Restart 0] 92) Best value: -7.15e+00 | TR length: 8.00e-01 | num. restarts: 6/20 | num. successes: 0/10
2024-02-18 22:12:12,777 - INFO - [TuRBO] [Restart 0] 93) Best value: -7.15e+00 | TR length: 8.00e-01 | num. restarts: 7/20 | num. successes: 0/10
2024-02-18 22:12:13,791 - INFO - [TuRBO] [Restart 0] 94) Best value: -7.15e+00 | TR length: 8.00e-01 | num. restarts: 8/20 | num. successes: 0/10
2024-02-18 22:12:14,760 - INFO - [TuRBO] [Restart 0] 95) Best value: -7.15e+00 | TR length: 8.00e-01 | num. restarts: 9/20 | num. successes: 0/10
2024-02-18 22:12:15,735 - INFO - [TuRBO] [Restart 0] 96) Best value: -7.15e+00 | TR length: 8.00e-01 | num. restarts: 10/20 | num. successes: 0/10
2024-02-18 22:12:16,789 - INFO - [TuRBO] [Restart 0] 97) Best value: -7.15e+00 | TR length: 8.00e-01 | num. restarts: 11/20 | num. successes: 0/10
2024-02-18 22:12:18,112 - INFO - [TuRBO] [Restart 0] 98) Best value: -7.15e+00 | TR length: 8.00e-01 | num. restarts: 12/20 | num. successes: 0/10
2024-02-18 22:12:19,079 - INFO - [TuRBO] [Restart 0] 99) Best value: -7.15e+00 | TR length: 8.00e-01 | num. restarts: 13/20 | num. successes: 0/10
2024-02-18 22:12:20,104 - INFO - [TuRBO] [Restart 0] 100) Best value: -7.15e+00 | TR length: 8.00e-01 | num. restarts: 14/20 | num. successes: 0/10
2024-02-18 22:12:21,072 - INFO - [TuRBO] [Restart 0] 101) Best value: -7.15e+00 | TR length: 8.00e-01 | num. restarts: 15/20 | num. successes: 0/10
2024-02-18 22:12:22,020 - INFO - [TuRBO] [Restart 0] 102) Best value: -7.15e+00 | TR length: 8.00e-01 | num. restarts: 16/20 | num. successes: 0/10
2024-02-18 22:12:23,003 - INFO - [TuRBO] [Restart 0] 103) Best value: -7.15e+00 | TR length: 8.00e-01 | num. restarts: 17/20 | num. successes: 0/10
2024-02-18 22:12:23,953 - INFO - [TuRBO] [Restart 0] 104) Best value: -7.15e+00 | TR length: 8.00e-01 | num. restarts: 18/20 | num. successes: 0/10
2024-02-18 22:12:24,950 - INFO - [TuRBO] [Restart 0] 105) Best value: -7.15e+00 | TR length: 8.00e-01 | num. restarts: 19/20 | num. successes: 0/10
2024-02-18 22:12:25,867 - INFO - [TuRBO] [Restart 0] 106) Best value: -7.15e+00 | TR length: 4.00e-01 | num. restarts: 0/20 | num. successes: 0/10
2024-02-18 22:12:26,798 - INFO - [TuRBO] [Restart 0] 107) Best value: -7.15e+00 | TR length: 4.00e-01 | num. restarts: 1/20 | num. successes: 0/10
2024-02-18 22:12:27,760 - INFO - [TuRBO] [Restart 0] 108) Best value: -6.42e+00 | TR length: 4.00e-01 | num. restarts: 0/20 | num. successes: 1/10
2024-02-18 22:12:28,791 - INFO - [TuRBO] [Restart 0] 109) Best value: -5.62e+00 | TR length: 4.00e-01 | num. restarts: 0/20 | num. successes: 2/10
2024-02-18 22:12:29,791 - INFO - [TuRBO] [Restart 0] 110) Best value: -5.62e+00 | TR length: 4.00e-01 | num. restarts: 1/20 | num. successes: 0/10
2024-02-18 22:12:30,726 - INFO - [TuRBO] [Restart 0] 111) Best value: -5.62e+00 | TR length: 4.00e-01 | num. restarts: 2/20 | num. successes: 0/10
2024-02-18 22:12:31,737 - INFO - [TuRBO] [Restart 0] 112) Best value: -5.62e+00 | TR length: 4.00e-01 | num. restarts: 3/20 | num. successes: 0/10
2024-02-18 22:12:32,813 - INFO - [TuRBO] [Restart 0] 113) Best value: -5.62e+00 | TR length: 4.00e-01 | num. restarts: 4/20 | num. successes: 0/10
2024-02-18 22:12:33,818 - INFO - [TuRBO] [Restart 0] 114) Best value: -5.62e+00 | TR length: 4.00e-01 | num. restarts: 5/20 | num. successes: 0/10
2024-02-18 22:12:34,948 - INFO - [TuRBO] [Restart 0] 115) Best value: -5.62e+00 | TR length: 4.00e-01 | num. restarts: 6/20 | num. successes: 0/10
2024-02-18 22:12:36,080 - INFO - [TuRBO] [Restart 0] 116) Best value: -5.62e+00 | TR length: 4.00e-01 | num. restarts: 7/20 | num. successes: 0/10
2024-02-18 22:12:37,260 - INFO - [TuRBO] [Restart 0] 117) Best value: -5.62e+00 | TR length: 4.00e-01 | num. restarts: 8/20 | num. successes: 0/10
2024-02-18 22:12:38,237 - INFO - [TuRBO] [Restart 0] 118) Best value: -5.59e+00 | TR length: 4.00e-01 | num. restarts: 0/20 | num. successes: 1/10
2024-02-18 22:12:39,239 - INFO - [TuRBO] [Restart 0] 119) Best value: -5.59e+00 | TR length: 4.00e-01 | num. restarts: 1/20 | num. successes: 0/10
2024-02-18 22:12:40,319 - INFO - [TuRBO] [Restart 0] 120) Best value: -5.42e+00 | TR length: 4.00e-01 | num. restarts: 0/20 | num. successes: 1/10
2024-02-18 22:12:41,318 - INFO - [TuRBO] [Restart 0] 121) Best value: -5.42e+00 | TR length: 4.00e-01 | num. restarts: 1/20 | num. successes: 0/10
2024-02-18 22:12:42,277 - INFO - [TuRBO] [Restart 0] 122) Best value: -5.42e+00 | TR length: 4.00e-01 | num. restarts: 2/20 | num. successes: 0/10
2024-02-18 22:12:43,206 - INFO - [TuRBO] [Restart 0] 123) Best value: -5.42e+00 | TR length: 4.00e-01 | num. restarts: 3/20 | num. successes: 0/10
2024-02-18 22:12:44,251 - INFO - [TuRBO] [Restart 0] 124) Best value: -5.42e+00 | TR length: 4.00e-01 | num. restarts: 4/20 | num. successes: 0/10
2024-02-18 22:12:45,229 - INFO - [TuRBO] [Restart 0] 125) Best value: -5.42e+00 | TR length: 4.00e-01 | num. restarts: 5/20 | num. successes: 0/10
2024-02-18 22:12:46,154 - INFO - [TuRBO] [Restart 0] 126) Best value: -5.42e+00 | TR length: 4.00e-01 | num. restarts: 6/20 | num. successes: 0/10
2024-02-18 22:12:47,124 - INFO - [TuRBO] [Restart 0] 127) Best value: -5.42e+00 | TR length: 4.00e-01 | num. restarts: 7/20 | num. successes: 0/10
2024-02-18 22:12:48,114 - INFO - [TuRBO] [Restart 0] 128) Best value: -5.42e+00 | TR length: 4.00e-01 | num. restarts: 8/20 | num. successes: 0/10
2024-02-18 22:12:49,815 - INFO - [TuRBO] [Restart 0] 129) Best value: -5.42e+00 | TR length: 4.00e-01 | num. restarts: 9/20 | num. successes: 0/10
2024-02-18 22:12:50,842 - INFO - [TuRBO] [Restart 0] 130) Best value: -4.98e+00 | TR length: 4.00e-01 | num. restarts: 0/20 | num. successes: 1/10
2024-02-18 22:12:52,019 - INFO - [TuRBO] [Restart 0] 131) Best value: -4.90e+00 | TR length: 4.00e-01 | num. restarts: 0/20 | num. successes: 2/10
2024-02-18 22:12:53,323 - INFO - [TuRBO] [Restart 0] 132) Best value: -4.90e+00 | TR length: 4.00e-01 | num. restarts: 1/20 | num. successes: 0/10
2024-02-18 22:12:55,402 - INFO - [TuRBO] [Restart 0] 133) Best value: -4.90e+00 | TR length: 4.00e-01 | num. restarts: 2/20 | num. successes: 0/10
2024-02-18 22:12:57,744 - INFO - [TuRBO] [Restart 0] 134) Best value: -4.90e+00 | TR length: 4.00e-01 | num. restarts: 3/20 | num. successes: 0/10
2024-02-18 22:13:00,261 - INFO - [TuRBO] [Restart 0] 135) Best value: -4.90e+00 | TR length: 4.00e-01 | num. restarts: 4/20 | num. successes: 0/10
2024-02-18 22:13:03,305 - INFO - [TuRBO] [Restart 0] 136) Best value: -4.90e+00 | TR length: 4.00e-01 | num. restarts: 5/20 | num. successes: 0/10
2024-02-18 22:13:05,053 - INFO - [TuRBO] [Restart 0] 137) Best value: -4.90e+00 | TR length: 4.00e-01 | num. restarts: 6/20 | num. successes: 0/10
2024-02-18 22:13:06,621 - INFO - [TuRBO] [Restart 0] 138) Best value: -4.90e+00 | TR length: 4.00e-01 | num. restarts: 7/20 | num. successes: 0/10
2024-02-18 22:13:08,573 - INFO - [TuRBO] [Restart 0] 139) Best value: -4.90e+00 | TR length: 4.00e-01 | num. restarts: 8/20 | num. successes: 0/10
2024-02-18 22:13:10,073 - INFO - [TuRBO] [Restart 0] 140) Best value: -4.90e+00 | TR length: 4.00e-01 | num. restarts: 9/20 | num. successes: 0/10
2024-02-18 22:13:11,869 - INFO - [TuRBO] [Restart 0] 141) Best value: -4.90e+00 | TR length: 4.00e-01 | num. restarts: 10/20 | num. successes: 0/10
2024-02-18 22:13:13,573 - INFO - [TuRBO] [Restart 0] 142) Best value: -4.90e+00 | TR length: 4.00e-01 | num. restarts: 11/20 | num. successes: 0/10
2024-02-18 22:13:15,471 - INFO - [TuRBO] [Restart 0] 143) Best value: -4.90e+00 | TR length: 4.00e-01 | num. restarts: 12/20 | num. successes: 0/10
2024-02-18 22:13:17,139 - INFO - [TuRBO] [Restart 0] 144) Best value: -4.90e+00 | TR length: 4.00e-01 | num. restarts: 13/20 | num. successes: 0/10
2024-02-18 22:13:18,907 - INFO - [TuRBO] [Restart 0] 145) Best value: -4.90e+00 | TR length: 4.00e-01 | num. restarts: 14/20 | num. successes: 0/10
2024-02-18 22:13:20,610 - INFO - [TuRBO] [Restart 0] 146) Best value: -4.90e+00 | TR length: 4.00e-01 | num. restarts: 15/20 | num. successes: 0/10
2024-02-18 22:13:22,487 - INFO - [TuRBO] [Restart 0] 147) Best value: -4.90e+00 | TR length: 4.00e-01 | num. restarts: 16/20 | num. successes: 0/10
2024-02-18 22:13:24,197 - INFO - [TuRBO] [Restart 0] 148) Best value: -4.39e+00 | TR length: 4.00e-01 | num. restarts: 0/20 | num. successes: 1/10
2024-02-18 22:13:26,661 - INFO - [TuRBO] [Restart 0] 149) Best value: -4.39e+00 | TR length: 4.00e-01 | num. restarts: 1/20 | num. successes: 0/10
2024-02-18 22:13:28,618 - INFO - [TuRBO] [Restart 0] 150) Best value: -4.39e+00 | TR length: 4.00e-01 | num. restarts: 2/20 | num. successes: 0/10
2024-02-18 22:13:30,610 - INFO - [TuRBO] [Restart 0] 151) Best value: -4.39e+00 | TR length: 4.00e-01 | num. restarts: 3/20 | num. successes: 0/10
2024-02-18 22:13:32,794 - INFO - [TuRBO] [Restart 0] 152) Best value: -4.39e+00 | TR length: 4.00e-01 | num. restarts: 4/20 | num. successes: 0/10
2024-02-18 22:13:34,691 - INFO - [TuRBO] [Restart 0] 153) Best value: -4.39e+00 | TR length: 4.00e-01 | num. restarts: 5/20 | num. successes: 0/10
2024-02-18 22:13:36,486 - INFO - [TuRBO] [Restart 0] 154) Best value: -4.39e+00 | TR length: 4.00e-01 | num. restarts: 6/20 | num. successes: 0/10
2024-02-18 22:13:38,381 - INFO - [TuRBO] [Restart 0] 155) Best value: -4.39e+00 | TR length: 4.00e-01 | num. restarts: 7/20 | num. successes: 0/10
2024-02-18 22:13:40,200 - INFO - [TuRBO] [Restart 0] 156) Best value: -4.39e+00 | TR length: 4.00e-01 | num. restarts: 8/20 | num. successes: 0/10
2024-02-18 22:13:42,155 - INFO - [TuRBO] [Restart 0] 157) Best value: -4.39e+00 | TR length: 4.00e-01 | num. restarts: 9/20 | num. successes: 0/10
2024-02-18 22:13:43,790 - INFO - [TuRBO] [Restart 0] 158) Best value: -4.39e+00 | TR length: 4.00e-01 | num. restarts: 10/20 | num. successes: 0/10
2024-02-18 22:13:45,782 - INFO - [TuRBO] [Restart 0] 159) Best value: -4.39e+00 | TR length: 4.00e-01 | num. restarts: 11/20 | num. successes: 0/10
2024-02-18 22:13:47,656 - INFO - [TuRBO] [Restart 0] 160) Best value: -4.39e+00 | TR length: 4.00e-01 | num. restarts: 12/20 | num. successes: 0/10
2024-02-18 22:13:49,447 - INFO - [TuRBO] [Restart 0] 161) Best value: -4.39e+00 | TR length: 4.00e-01 | num. restarts: 13/20 | num. successes: 0/10
2024-02-18 22:13:51,179 - INFO - [TuRBO] [Restart 0] 162) Best value: -4.39e+00 | TR length: 4.00e-01 | num. restarts: 14/20 | num. successes: 0/10
2024-02-18 22:13:52,545 - INFO - [TuRBO] [Restart 0] 163) Best value: -4.39e+00 | TR length: 4.00e-01 | num. restarts: 15/20 | num. successes: 0/10
2024-02-18 22:13:54,032 - INFO - [TuRBO] [Restart 0] 164) Best value: -4.39e+00 | TR length: 4.00e-01 | num. restarts: 16/20 | num. successes: 0/10
2024-02-18 22:13:55,603 - INFO - [TuRBO] [Restart 0] 165) Best value: -4.39e+00 | TR length: 4.00e-01 | num. restarts: 17/20 | num. successes: 0/10
2024-02-18 22:13:56,948 - INFO - [TuRBO] [Restart 0] 166) Best value: -4.39e+00 | TR length: 4.00e-01 | num. restarts: 18/20 | num. successes: 0/10
2024-02-18 22:13:58,531 - INFO - [TuRBO] [Restart 0] 167) Best value: -4.39e+00 | TR length: 4.00e-01 | num. restarts: 19/20 | num. successes: 0/10
2024-02-18 22:13:59,941 - INFO - [TuRBO] [Restart 0] 168) Best value: -4.39e+00 | TR length: 2.00e-01 | num. restarts: 0/20 | num. successes: 0/10
2024-02-18 22:14:01,153 - INFO - [TuRBO] [Restart 0] 169) Best value: -4.22e+00 | TR length: 2.00e-01 | num. restarts: 0/20 | num. successes: 1/10
2024-02-18 22:14:02,811 - INFO - [TuRBO] [Restart 0] 170) Best value: -4.22e+00 | TR length: 2.00e-01 | num. restarts: 1/20 | num. successes: 0/10
2024-02-18 22:14:04,543 - INFO - [TuRBO] [Restart 0] 171) Best value: -3.92e+00 | TR length: 2.00e-01 | num. restarts: 0/20 | num. successes: 1/10
2024-02-18 22:14:06,236 - INFO - [TuRBO] [Restart 0] 172) Best value: -3.92e+00 | TR length: 2.00e-01 | num. restarts: 1/20 | num. successes: 0/10
2024-02-18 22:14:07,582 - INFO - [TuRBO] [Restart 0] 173) Best value: -3.92e+00 | TR length: 2.00e-01 | num. restarts: 2/20 | num. successes: 0/10
2024-02-18 22:14:09,420 - INFO - [TuRBO] [Restart 0] 174) Best value: -3.92e+00 | TR length: 2.00e-01 | num. restarts: 3/20 | num. successes: 0/10
2024-02-18 22:14:11,159 - INFO - [TuRBO] [Restart 0] 175) Best value: -3.68e+00 | TR length: 2.00e-01 | num. restarts: 0/20 | num. successes: 1/10
2024-02-18 22:14:12,736 - INFO - [TuRBO] [Restart 0] 176) Best value: -3.62e+00 | TR length: 2.00e-01 | num. restarts: 0/20 | num. successes: 2/10
2024-02-18 22:14:14,349 - INFO - [TuRBO] [Restart 0] 177) Best value: -3.62e+00 | TR length: 2.00e-01 | num. restarts: 1/20 | num. successes: 0/10
2024-02-18 22:14:15,937 - INFO - [TuRBO] [Restart 0] 178) Best value: -3.62e+00 | TR length: 2.00e-01 | num. restarts: 2/20 | num. successes: 0/10
2024-02-18 22:14:17,321 - INFO - [TuRBO] [Restart 0] 179) Best value: -3.62e+00 | TR length: 2.00e-01 | num. restarts: 3/20 | num. successes: 0/10
2024-02-18 22:14:18,896 - INFO - [TuRBO] [Restart 0] 180) Best value: -3.62e+00 | TR length: 2.00e-01 | num. restarts: 4/20 | num. successes: 0/10
2024-02-18 22:14:20,597 - INFO - [TuRBO] [Restart 0] 181) Best value: -3.62e+00 | TR length: 2.00e-01 | num. restarts: 5/20 | num. successes: 0/10
2024-02-18 22:14:22,172 - INFO - [TuRBO] [Restart 0] 182) Best value: -3.62e+00 | TR length: 2.00e-01 | num. restarts: 6/20 | num. successes: 0/10
2024-02-18 22:14:23,584 - INFO - [TuRBO] [Restart 0] 183) Best value: -3.58e+00 | TR length: 2.00e-01 | num. restarts: 0/20 | num. successes: 1/10
2024-02-18 22:14:24,869 - INFO - [TuRBO] [Restart 0] 184) Best value: -3.58e+00 | TR length: 2.00e-01 | num. restarts: 1/20 | num. successes: 0/10
2024-02-18 22:14:26,725 - INFO - [TuRBO] [Restart 0] 185) Best value: -3.58e+00 | TR length: 2.00e-01 | num. restarts: 2/20 | num. successes: 0/10
2024-02-18 22:14:28,239 - INFO - [TuRBO] [Restart 0] 186) Best value: -3.58e+00 | TR length: 2.00e-01 | num. restarts: 3/20 | num. successes: 0/10
2024-02-18 22:14:29,701 - INFO - [TuRBO] [Restart 0] 187) Best value: -3.58e+00 | TR length: 2.00e-01 | num. restarts: 4/20 | num. successes: 0/10
2024-02-18 22:14:31,088 - INFO - [TuRBO] [Restart 0] 188) Best value: -3.58e+00 | TR length: 2.00e-01 | num. restarts: 5/20 | num. successes: 0/10
2024-02-18 22:14:32,482 - INFO - [TuRBO] [Restart 0] 189) Best value: -3.55e+00 | TR length: 2.00e-01 | num. restarts: 0/20 | num. successes: 1/10
2024-02-18 22:14:34,095 - INFO - [TuRBO] [Restart 0] 190) Best value: -3.55e+00 | TR length: 2.00e-01 | num. restarts: 1/20 | num. successes: 0/10
2024-02-18 22:14:35,459 - INFO - [TuRBO] [Restart 0] 191) Best value: -3.55e+00 | TR length: 2.00e-01 | num. restarts: 2/20 | num. successes: 0/10
2024-02-18 22:14:36,728 - INFO - [TuRBO] [Restart 0] 192) Best value: -3.55e+00 | TR length: 2.00e-01 | num. restarts: 3/20 | num. successes: 0/10
2024-02-18 22:14:38,140 - INFO - [TuRBO] [Restart 0] 193) Best value: -3.55e+00 | TR length: 2.00e-01 | num. restarts: 4/20 | num. successes: 0/10
2024-02-18 22:14:39,460 - INFO - [TuRBO] [Restart 0] 194) Best value: -3.44e+00 | TR length: 2.00e-01 | num. restarts: 0/20 | num. successes: 1/10
2024-02-18 22:14:40,746 - INFO - [TuRBO] [Restart 0] 195) Best value: -3.44e+00 | TR length: 2.00e-01 | num. restarts: 1/20 | num. successes: 0/10
2024-02-18 22:14:42,120 - INFO - [TuRBO] [Restart 0] 196) Best value: -3.44e+00 | TR length: 2.00e-01 | num. restarts: 2/20 | num. successes: 0/10
2024-02-18 22:14:43,321 - INFO - [TuRBO] [Restart 0] 197) Best value: -3.44e+00 | TR length: 2.00e-01 | num. restarts: 3/20 | num. successes: 0/10
2024-02-18 22:14:44,599 - INFO - [TuRBO] [Restart 0] 198) Best value: -3.44e+00 | TR length: 2.00e-01 | num. restarts: 4/20 | num. successes: 0/10
2024-02-18 22:14:46,180 - INFO - [TuRBO] [Restart 0] 199) Best value: -3.44e+00 | TR length: 2.00e-01 | num. restarts: 5/20 | num. successes: 0/10
2024-02-18 22:14:47,460 - INFO - [TuRBO] [Restart 0] 200) Best value: -3.44e+00 | TR length: 2.00e-01 | num. restarts: 6/20 | num. successes: 0/10
2024-02-18 22:14:47,460 - INFO - --------------------------------------------------
2024-02-18 22:14:47,460 - INFO - Best X: [-0.016736519154003204, -0.07925981005199656, 0.21851794988286244, 0.4405325595112348, -0.9660936910932714, 0.04171430730878978, -1.0438384708198911, 0.18546959546512287, 1.3886316556140894, 0.12896816132970468, -0.966001143262079, -0.15583844740305874, 0.8284645404249007, 0.723303611892053, -0.14037498459553, -0.0919279893116256, -0.36456231643644, -0.4774971624530435, -0.052013820985999715, -0.05152636604977712]
2024-02-18 22:14:47,460 - INFO - Best Y: 3.4357846821069633
2024-02-18 22:14:47,460 - INFO - Elapsed time: 206.35 seconds
2024-02-18 22:33:25,020 - INFO - 

2024-02-18 22:33:25,021 - INFO - --------------------------------------------------
2024-02-18 22:33:25,021 - INFO - benchmark: ackley_ext
2024-02-18 22:33:25,022 - INFO - benchmark_params:
2024-02-18 22:33:25,022 - INFO -     dim: 20
2024-02-18 22:33:25,022 - INFO -     lb: -5
2024-02-18 22:33:25,022 - INFO -     ub: 10
2024-02-18 22:33:25,022 - INFO - tuner_params:
2024-02-18 22:33:25,022 - INFO -     seed: 1024
2024-02-18 22:33:25,022 - INFO -     num_evals: 200
2024-02-18 22:33:25,022 - INFO -     batch_size: 1
2024-02-18 22:33:25,023 - INFO -     extern_init: False
2024-02-18 22:33:25,023 - INFO -     init_design: lhs
2024-02-18 22:33:25,023 - INFO -     init_by_dim: True
2024-02-18 22:33:25,023 - INFO -     num_init: 40
2024-02-18 22:33:25,023 - INFO -     optimizer: turbo
2024-02-18 22:33:25,023 - INFO -     optimizer_params: {'acquisition': 'ts'}
2024-02-18 22:33:25,023 - INFO - expr_name: TuRBO_ackley_20
2024-02-18 22:33:25,023 - INFO - --------------------------------------------------
2024-02-18 22:33:25,023 - INFO - [ackley] Using Ackley 20D
2024-02-18 22:33:25,024 - INFO - [Tuner] Start optimization using turbo for 200 iterations
2024-02-18 22:33:25,026 - INFO - --------------------------------------------------------------------------------
2024-02-18 22:33:25,026 - INFO - Restart 0:
2024-02-18 22:35:02,884 - INFO - 

2024-02-18 22:35:02,884 - INFO - --------------------------------------------------
2024-02-18 22:35:02,884 - INFO - benchmark: ackley_ext
2024-02-18 22:35:02,884 - INFO - benchmark_params:
2024-02-18 22:35:02,884 - INFO -     dim: 20
2024-02-18 22:35:02,884 - INFO -     lb: -5
2024-02-18 22:35:02,885 - INFO -     ub: 10
2024-02-18 22:35:02,885 - INFO - tuner_params:
2024-02-18 22:35:02,885 - INFO -     seed: 1024
2024-02-18 22:35:02,885 - INFO -     num_evals: 200
2024-02-18 22:35:02,885 - INFO -     batch_size: 1
2024-02-18 22:35:02,885 - INFO -     extern_init: False
2024-02-18 22:35:02,885 - INFO -     init_design: lhs
2024-02-18 22:35:02,885 - INFO -     init_by_dim: True
2024-02-18 22:35:02,885 - INFO -     num_init: 40
2024-02-18 22:35:02,885 - INFO -     optimizer: turbo
2024-02-18 22:35:02,885 - INFO -     optimizer_params: {'acquisition': 'ts'}
2024-02-18 22:35:02,886 - INFO - expr_name: TuRBO_ackley_20
2024-02-18 22:35:02,886 - INFO - --------------------------------------------------
2024-02-18 22:35:02,886 - INFO - [ackley] Using Ackley 20D
2024-02-18 22:35:02,886 - INFO - [Tuner] Start optimization using turbo for 200 iterations
2024-02-18 22:35:02,887 - INFO - --------------------------------------------------------------------------------
2024-02-18 22:35:02,887 - INFO - Restart 0:
2024-02-18 22:35:02,900 - INFO - [TuRBO] Start local modeling with 48 data points
2024-02-18 22:38:10,919 - INFO - 

2024-02-18 22:38:10,919 - INFO - --------------------------------------------------
2024-02-18 22:38:10,920 - INFO - benchmark: ackley_ext
2024-02-18 22:38:10,920 - INFO - benchmark_params:
2024-02-18 22:38:10,920 - INFO -     dim: 20
2024-02-18 22:38:10,920 - INFO -     lb: -5
2024-02-18 22:38:10,920 - INFO -     ub: 10
2024-02-18 22:38:10,920 - INFO - tuner_params:
2024-02-18 22:38:10,920 - INFO -     seed: 1024
2024-02-18 22:38:10,920 - INFO -     num_evals: 200
2024-02-18 22:38:10,920 - INFO -     batch_size: 1
2024-02-18 22:38:10,920 - INFO -     extern_init: False
2024-02-18 22:38:10,920 - INFO -     init_design: lhs
2024-02-18 22:38:10,920 - INFO -     init_by_dim: True
2024-02-18 22:38:10,920 - INFO -     num_init: 40
2024-02-18 22:38:10,920 - INFO -     optimizer: turbo
2024-02-18 22:38:10,920 - INFO -     optimizer_params: {'acquisition': 'ts'}
2024-02-18 22:38:10,920 - INFO - expr_name: TuRBO_ackley_20
2024-02-18 22:38:10,920 - INFO - --------------------------------------------------
2024-02-18 22:38:10,920 - INFO - [ackley] Using Ackley 20D
2024-02-18 22:38:10,921 - INFO - [Tuner] Start optimization using turbo for 200 iterations
2024-02-18 22:38:10,922 - INFO - --------------------------------------------------------------------------------
2024-02-18 22:38:10,922 - INFO - Restart 0:
2024-02-18 22:38:10,932 - INFO - [TuRBO] Start local modeling with 48 data points
2024-02-18 22:39:17,226 - INFO - 

2024-02-18 22:39:17,226 - INFO - --------------------------------------------------
2024-02-18 22:39:17,226 - INFO - benchmark: ackley_ext
2024-02-18 22:39:17,226 - INFO - benchmark_params:
2024-02-18 22:39:17,227 - INFO -     dim: 20
2024-02-18 22:39:17,227 - INFO -     lb: -5
2024-02-18 22:39:17,227 - INFO -     ub: 10
2024-02-18 22:39:17,227 - INFO - tuner_params:
2024-02-18 22:39:17,227 - INFO -     seed: 1024
2024-02-18 22:39:17,227 - INFO -     num_evals: 200
2024-02-18 22:39:17,227 - INFO -     batch_size: 1
2024-02-18 22:39:17,227 - INFO -     extern_init: False
2024-02-18 22:39:17,227 - INFO -     init_design: lhs
2024-02-18 22:39:17,227 - INFO -     init_by_dim: True
2024-02-18 22:39:17,227 - INFO -     num_init: 40
2024-02-18 22:39:17,227 - INFO -     optimizer: turbo
2024-02-18 22:39:17,227 - INFO -     optimizer_params: {'acquisition': 'ts'}
2024-02-18 22:39:17,227 - INFO - expr_name: TuRBO_ackley_20
2024-02-18 22:39:17,227 - INFO - --------------------------------------------------
2024-02-18 22:39:17,227 - INFO - [ackley] Using Ackley 20D
2024-02-18 22:39:17,227 - INFO - [Tuner] Start optimization using turbo for 200 iterations
2024-02-18 22:39:17,228 - INFO - --------------------------------------------------------------------------------
2024-02-18 22:39:17,228 - INFO - Restart 0:
2024-02-18 22:39:17,243 - INFO - [TuRBO] Start local modeling with 48 data points
2024-02-19 19:23:26,312 - INFO - 

2024-02-19 19:23:26,314 - INFO - --------------------------------------------------
2024-02-19 19:23:26,314 - INFO - benchmark: ackley_ext
2024-02-19 19:23:26,314 - INFO - benchmark_params:
2024-02-19 19:23:26,314 - INFO -     dim: 20
2024-02-19 19:23:26,314 - INFO -     lb: -5
2024-02-19 19:23:26,314 - INFO -     ub: 10
2024-02-19 19:23:26,314 - INFO - tuner_params:
2024-02-19 19:23:26,314 - INFO -     seed: 1024
2024-02-19 19:23:26,314 - INFO -     num_evals: 200
2024-02-19 19:23:26,314 - INFO -     batch_size: 1
2024-02-19 19:23:26,314 - INFO -     extern_init: False
2024-02-19 19:23:26,314 - INFO -     init_design: lhs
2024-02-19 19:23:26,314 - INFO -     init_by_dim: True
2024-02-19 19:23:26,315 - INFO -     num_init: 40
2024-02-19 19:23:26,315 - INFO -     optimizer: turbo
2024-02-19 19:23:26,315 - INFO -     optimizer_params: {'acquisition': 'ts'}
2024-02-19 19:23:26,315 - INFO - expr_name: TuRBO_ackley_20
2024-02-19 19:23:26,315 - INFO - --------------------------------------------------
2024-02-19 19:23:30,867 - INFO - [ackley] Using Ackley 20D
2024-02-19 19:23:30,881 - INFO - [Tuner] Start optimization using turbo for 200 iterations
2024-02-19 19:23:30,883 - INFO - --------------------------------------------------------------------------------
2024-02-19 19:23:30,883 - INFO - Restart 0:
2024-02-19 19:23:30,972 - INFO - [TuRBO] Start local modeling with 48 data points
