[2023-12-26 22:54:23,078:postgresql_db.py#L112:INFO]: ----------------------------------- Applying Knobs -----------------------------------
[2023-12-26 22:54:23,587:postgresql_db.py#L405:INFO]: [PostgresqlDB] Remote PostgreSQL server shut down successfully
[2023-12-26 22:54:24,104:postgresql_db.py#L388:INFO]: [PostgresqlDB] config file modification done.
[2023-12-26 22:54:24,206:postgresql_db.py#L435:INFO]: [PostgresqlDB] Remotely starting PostgreSQL server...
[2023-12-26 22:54:24,342:postgresql_db.py#L467:INFO]: [PostgresqlDB] Wait for connection to the started server...
[2023-12-26 22:54:25,366:postgresql_db.py#L477:INFO]: [PostgresqlDB] Successfully connected to the started PostgreSQL Server
[2023-12-26 22:54:25,366:postgresql_db.py#L494:INFO]: [PostgresqlDB] 1 seconds waiting for connection
[2023-12-26 22:54:25,366:postgresql_db.py#L495:INFO]: [PostgresqlDB] start command: postgres --config_file=/var/lib/postgresql/experiment/conf/tune_cnf.conf
[2023-12-26 22:54:25,366:postgresql_db.py#L496:INFO]: [PostgresqlDB] PostgresSQL is  up
[2023-12-26 22:54:25,366:postgresql_db.py#L276:INFO]: [PostgresqlDB] Sleeping for 0 seconds after restarting postgres
[2023-12-26 22:54:25,366:postgresql_db.py#L287:INFO]: [PostgresqlDB] No knobs need to be applied online
[2023-12-26 22:54:25,378:postgresql_db.py#L323:INFO]: [PostgresqlDB] Knob backend_flush_after is not successfully set to 166 (actual value: 1328kB)
[2023-12-26 22:54:25,379:postgresql_db.py#L323:INFO]: [PostgresqlDB] Knob bgwriter_flush_after is not successfully set to 133 (actual value: 1064kB)
[2023-12-26 22:54:25,380:postgresql_db.py#L323:INFO]: [PostgresqlDB] Knob checkpoint_flush_after is not successfully set to 35 (actual value: 280kB)
[2023-12-26 22:54:25,382:postgresql_db.py#L323:INFO]: [PostgresqlDB] Knob effective_cache_size is not successfully set to 444458 (actual value: 3555664kB)
[2023-12-26 22:54:25,385:postgresql_db.py#L323:INFO]: [PostgresqlDB] Knob shared_buffers is not successfully set to 736601 (actual value: 5892808kB)
[2023-12-26 22:54:25,385:postgresql_db.py#L323:INFO]: [PostgresqlDB] Knob temp_buffers is not successfully set to 7728 (actual value: 61824kB)
[2023-12-26 22:54:25,386:postgresql_db.py#L323:INFO]: [PostgresqlDB] Knob wal_buffers is not successfully set to 48935 (actual value: 391480kB)
[2023-12-26 22:54:25,386:postgresql_db.py#L323:INFO]: [PostgresqlDB] Knob wal_writer_flush_after is not successfully set to 372959725 (actual value: 2983677800kB)
[2023-12-26 22:54:25,387:postgresql_db.py#L333:INFO]: [PostgresqlDB] 8 / 30 knobs not successfully applied offline.
[2023-12-26 22:54:25,387:postgresql_db.py#L117:INFO]: --------------------------------------------------------------------------------
[2023-12-26 22:54:25,387:tune.py#L44:INFO]: [Test Tune] Iteration 0:	{}
