2024-02-05 21:46:34,209 - INFO - [Tuner] Start optimization using random for 5 iterations
2024-02-05 21:46:34,210 - INFO - ================================================================================
2024-02-05 21:46:34,210 - INFO - [Tune] [Iteration 0]: using configuration: 
2024-02-05 21:46:34,210 - INFO - 	effective_cache_size: 279312
2024-02-05 21:46:34,210 - INFO - 	maintenance_work_mem: 734956
2024-02-05 21:46:34,211 - INFO - 	shared_buffers: 757663
2024-02-05 21:46:34,211 - INFO - 	work_mem: 3340
2024-02-05 21:46:34,222 - INFO - ----------------------------------- Applying Knobs -----------------------------------
2024-02-05 21:46:34,340 - INFO - [PGUtils] Local PostgreSQL server shut down successfully
2024-02-05 21:46:34,352 - INFO - [PGKnobApplier] config file modification done (locally).
2024-02-05 21:46:34,352 - INFO - [PGUtils] Locally starting PostgreSQL server...
2024-02-05 21:46:34,353 - INFO - [PGUtils] Wait for connection to the started server...
2024-02-05 21:46:35,372 - INFO - [PGUtils] Successfully connected to the started PostgreSQL Server
2024-02-05 21:46:35,373 - INFO - [PGUtils] 1 seconds waiting for connection
2024-02-05 21:46:35,373 - INFO - [PGUtils] start command: postgres --config_file=/var/lib/postgresql/experiment/conf/tune_cnf.conf
2024-02-05 21:46:35,373 - INFO - [PGUtils] PostgresSQL is successfully launched.
2024-02-05 21:46:35,373 - INFO - [PGKnobApplier] Sleeping for 0 seconds after restarting postgres
2024-02-05 21:46:35,373 - INFO - [PGKnobApplier] No knobs need to be applied online
2024-02-05 21:46:35,389 - INFO - [PGKnobApplier] Knobs successfully applied offline.
2024-02-05 21:46:35,389 - INFO - --------------------------------------------------------------------------------
2024-02-05 21:46:35,389 - INFO - [PGExecutor] Exeucting queries listed in tpch_query_fast_list.txt
2024-02-05 21:46:35,396 - INFO - [PGExecutor] Connected to PostgreSQL server for query execution:
2024-02-05 21:46:35,396 - INFO - [PGExecutor] Executing /home/viktor/Experiments/CamDB/camtune/benchmarks/tpch/1.sql
2024-02-05 21:46:36,817 - INFO - [PGExecutor] Executing /home/viktor/Experiments/CamDB/camtune/benchmarks/tpch/2.sql
2024-02-05 21:46:37,013 - INFO - [PGExecutor] Executing /home/viktor/Experiments/CamDB/camtune/benchmarks/tpch/3.sql
2024-02-05 21:46:37,340 - INFO - [PGExecutor] Executing /home/viktor/Experiments/CamDB/camtune/benchmarks/tpch/4.sql
2024-02-05 21:46:37,455 - INFO - [PGExecutor] Executing /home/viktor/Experiments/CamDB/camtune/benchmarks/tpch/5.sql
2024-02-05 21:46:37,583 - INFO - [PGExecutor] Executing /home/viktor/Experiments/CamDB/camtune/benchmarks/tpch/6.sql
2024-02-05 21:46:37,761 - INFO - [PGExecutor] Executing /home/viktor/Experiments/CamDB/camtune/benchmarks/tpch/7.sql
2024-02-05 21:46:37,940 - INFO - [PGExecutor] Executing /home/viktor/Experiments/CamDB/camtune/benchmarks/tpch/8.sql
2024-02-05 21:46:38,269 - INFO - [PGExecutor] Executing /home/viktor/Experiments/CamDB/camtune/benchmarks/tpch/9.sql
2024-02-05 21:46:39,065 - INFO - [PGExecutor] Executing /home/viktor/Experiments/CamDB/camtune/benchmarks/tpch/10.sql
2024-02-05 21:46:39,398 - INFO - [PGExecutor] Executing /home/viktor/Experiments/CamDB/camtune/benchmarks/tpch/11.sql
2024-02-05 21:46:39,481 - INFO - [PGExecutor] Executing /home/viktor/Experiments/CamDB/camtune/benchmarks/tpch/12.sql
2024-02-05 21:46:39,784 - INFO - [PGExecutor] Executing /home/viktor/Experiments/CamDB/camtune/benchmarks/tpch/13.sql
2024-02-05 21:46:40,151 - INFO - [PGExecutor] Executing /home/viktor/Experiments/CamDB/camtune/benchmarks/tpch/14.sql
2024-02-05 21:46:40,341 - INFO - [PGExecutor] Executing /home/viktor/Experiments/CamDB/camtune/benchmarks/tpch/15.sql
2024-02-05 21:46:40,725 - INFO - [PGExecutor] Executing /home/viktor/Experiments/CamDB/camtune/benchmarks/tpch/16.sql
2024-02-05 21:46:40,899 - INFO - [PGExecutor] Executing /home/viktor/Experiments/CamDB/camtune/benchmarks/tpch/18.sql
2024-02-05 21:46:42,310 - INFO - [PGExecutor] Executing /home/viktor/Experiments/CamDB/camtune/benchmarks/tpch/19.sql
2024-02-05 21:46:42,696 - INFO - [Tune] [Iteration 0]: total_exec_time: 7.179 (s)
2024-02-05 21:46:42,696 - INFO - ================================================================================
2024-02-05 21:46:42,696 - INFO - [Tune] [Iteration 1]: using configuration: 
2024-02-05 21:46:42,696 - INFO - 	effective_cache_size: 799859
2024-02-05 21:46:42,696 - INFO - 	maintenance_work_mem: 754623
2024-02-05 21:46:42,696 - INFO - 	shared_buffers: 29406
2024-02-05 21:46:42,696 - INFO - 	work_mem: 3292
2024-02-05 21:46:42,709 - INFO - ----------------------------------- Applying Knobs -----------------------------------
2024-02-05 21:46:42,824 - INFO - [PGUtils] Local PostgreSQL server shut down successfully
2024-02-05 21:46:42,835 - INFO - [PGKnobApplier] config file modification done (locally).
2024-02-05 21:46:42,835 - INFO - [PGUtils] Locally starting PostgreSQL server...
2024-02-05 21:46:42,836 - INFO - [PGUtils] Wait for connection to the started server...
2024-02-05 21:46:43,859 - INFO - [PGUtils] Successfully connected to the started PostgreSQL Server
2024-02-05 21:46:43,859 - INFO - [PGUtils] 1 seconds waiting for connection
2024-02-05 21:46:43,859 - INFO - [PGUtils] start command: postgres --config_file=/var/lib/postgresql/experiment/conf/tune_cnf.conf
2024-02-05 21:46:43,859 - INFO - [PGUtils] PostgresSQL is successfully launched.
2024-02-05 21:46:43,859 - INFO - [PGKnobApplier] Sleeping for 0 seconds after restarting postgres
2024-02-05 21:46:43,860 - INFO - [PGKnobApplier] No knobs need to be applied online
2024-02-05 21:46:43,871 - INFO - [PGKnobApplier] Knobs successfully applied offline.
2024-02-05 21:46:43,871 - INFO - --------------------------------------------------------------------------------
2024-02-05 21:46:43,871 - INFO - [PGExecutor] Exeucting queries listed in tpch_query_fast_list.txt
2024-02-05 21:46:43,881 - INFO - [PGExecutor] Connected to PostgreSQL server for query execution:
2024-02-05 21:46:43,881 - INFO - [PGExecutor] Executing /home/viktor/Experiments/CamDB/camtune/benchmarks/tpch/1.sql
2024-02-05 21:46:45,204 - INFO - [PGExecutor] Executing /home/viktor/Experiments/CamDB/camtune/benchmarks/tpch/2.sql
2024-02-05 21:46:45,403 - INFO - [PGExecutor] Executing /home/viktor/Experiments/CamDB/camtune/benchmarks/tpch/3.sql
2024-02-05 21:46:45,758 - INFO - [PGExecutor] Executing /home/viktor/Experiments/CamDB/camtune/benchmarks/tpch/4.sql
2024-02-05 21:46:45,934 - INFO - [PGExecutor] Executing /home/viktor/Experiments/CamDB/camtune/benchmarks/tpch/5.sql
2024-02-05 21:46:46,131 - INFO - [PGExecutor] Executing /home/viktor/Experiments/CamDB/camtune/benchmarks/tpch/6.sql
2024-02-05 21:46:46,358 - INFO - [PGExecutor] Executing /home/viktor/Experiments/CamDB/camtune/benchmarks/tpch/7.sql
2024-02-05 21:46:46,653 - INFO - [PGExecutor] Executing /home/viktor/Experiments/CamDB/camtune/benchmarks/tpch/8.sql
2024-02-05 21:46:47,106 - INFO - [PGExecutor] Executing /home/viktor/Experiments/CamDB/camtune/benchmarks/tpch/9.sql
2024-02-05 21:46:48,088 - INFO - [PGExecutor] Executing /home/viktor/Experiments/CamDB/camtune/benchmarks/tpch/10.sql
2024-02-05 21:46:48,485 - INFO - [PGExecutor] Executing /home/viktor/Experiments/CamDB/camtune/benchmarks/tpch/11.sql
2024-02-05 21:46:48,584 - INFO - [PGExecutor] Executing /home/viktor/Experiments/CamDB/camtune/benchmarks/tpch/12.sql
2024-02-05 21:46:48,970 - INFO - [PGExecutor] Executing /home/viktor/Experiments/CamDB/camtune/benchmarks/tpch/13.sql
2024-02-05 21:46:49,406 - INFO - [PGExecutor] Executing /home/viktor/Experiments/CamDB/camtune/benchmarks/tpch/14.sql
2024-02-05 21:46:49,652 - INFO - [PGExecutor] Executing /home/viktor/Experiments/CamDB/camtune/benchmarks/tpch/15.sql
2024-02-05 21:46:50,169 - INFO - [PGExecutor] Executing /home/viktor/Experiments/CamDB/camtune/benchmarks/tpch/16.sql
2024-02-05 21:46:50,345 - INFO - [PGExecutor] Executing /home/viktor/Experiments/CamDB/camtune/benchmarks/tpch/18.sql
2024-02-05 21:46:52,562 - INFO - [PGExecutor] Executing /home/viktor/Experiments/CamDB/camtune/benchmarks/tpch/19.sql
2024-02-05 21:46:52,964 - INFO - [Tune] [Iteration 1]: total_exec_time: 8.987 (s)
2024-02-05 21:46:52,964 - INFO - ================================================================================
2024-02-05 21:46:52,964 - INFO - [Tune] [Iteration 2]: using configuration: 
2024-02-05 21:46:52,964 - INFO - 	effective_cache_size: 438778
2024-02-05 21:46:52,964 - INFO - 	maintenance_work_mem: 525153
2024-02-05 21:46:52,964 - INFO - 	shared_buffers: 569564
2024-02-05 21:46:52,964 - INFO - 	work_mem: 5255
2024-02-05 21:46:52,974 - INFO - ----------------------------------- Applying Knobs -----------------------------------
2024-02-05 21:46:53,090 - INFO - [PGUtils] Local PostgreSQL server shut down successfully
2024-02-05 21:46:53,101 - INFO - [PGKnobApplier] config file modification done (locally).
2024-02-05 21:46:53,101 - INFO - [PGUtils] Locally starting PostgreSQL server...
2024-02-05 21:46:53,102 - INFO - [PGUtils] Wait for connection to the started server...
2024-02-05 21:46:54,125 - INFO - [PGUtils] Successfully connected to the started PostgreSQL Server
2024-02-05 21:46:54,125 - INFO - [PGUtils] 1 seconds waiting for connection
2024-02-05 21:46:54,125 - INFO - [PGUtils] start command: postgres --config_file=/var/lib/postgresql/experiment/conf/tune_cnf.conf
2024-02-05 21:46:54,125 - INFO - [PGUtils] PostgresSQL is successfully launched.
2024-02-05 21:46:54,125 - INFO - [PGKnobApplier] Sleeping for 0 seconds after restarting postgres
2024-02-05 21:46:54,126 - INFO - [PGKnobApplier] No knobs need to be applied online
2024-02-05 21:46:54,138 - INFO - [PGKnobApplier] Knobs successfully applied offline.
2024-02-05 21:46:54,139 - INFO - --------------------------------------------------------------------------------
2024-02-05 21:46:54,139 - INFO - [PGExecutor] Exeucting queries listed in tpch_query_fast_list.txt
2024-02-05 21:46:54,146 - INFO - [PGExecutor] Connected to PostgreSQL server for query execution:
2024-02-05 21:46:54,146 - INFO - [PGExecutor] Executing /home/viktor/Experiments/CamDB/camtune/benchmarks/tpch/1.sql
2024-02-05 21:46:55,628 - INFO - [PGExecutor] Executing /home/viktor/Experiments/CamDB/camtune/benchmarks/tpch/2.sql
2024-02-05 21:46:55,825 - INFO - [PGExecutor] Executing /home/viktor/Experiments/CamDB/camtune/benchmarks/tpch/3.sql
2024-02-05 21:46:56,141 - INFO - [PGExecutor] Executing /home/viktor/Experiments/CamDB/camtune/benchmarks/tpch/4.sql
2024-02-05 21:46:56,254 - INFO - [PGExecutor] Executing /home/viktor/Experiments/CamDB/camtune/benchmarks/tpch/5.sql
2024-02-05 21:46:56,387 - INFO - [PGExecutor] Executing /home/viktor/Experiments/CamDB/camtune/benchmarks/tpch/6.sql
2024-02-05 21:46:56,575 - INFO - [PGExecutor] Executing /home/viktor/Experiments/CamDB/camtune/benchmarks/tpch/7.sql
2024-02-05 21:46:56,750 - INFO - [PGExecutor] Executing /home/viktor/Experiments/CamDB/camtune/benchmarks/tpch/8.sql
2024-02-05 21:46:57,081 - INFO - [PGExecutor] Executing /home/viktor/Experiments/CamDB/camtune/benchmarks/tpch/9.sql
2024-02-05 21:46:57,850 - INFO - [PGExecutor] Executing /home/viktor/Experiments/CamDB/camtune/benchmarks/tpch/10.sql
2024-02-05 21:46:58,253 - INFO - [PGExecutor] Executing /home/viktor/Experiments/CamDB/camtune/benchmarks/tpch/11.sql
2024-02-05 21:46:58,337 - INFO - [PGExecutor] Executing /home/viktor/Experiments/CamDB/camtune/benchmarks/tpch/12.sql
2024-02-05 21:46:58,651 - INFO - [PGExecutor] Executing /home/viktor/Experiments/CamDB/camtune/benchmarks/tpch/13.sql
2024-02-05 21:46:59,024 - INFO - [PGExecutor] Executing /home/viktor/Experiments/CamDB/camtune/benchmarks/tpch/14.sql
2024-02-05 21:46:59,219 - INFO - [PGExecutor] Executing /home/viktor/Experiments/CamDB/camtune/benchmarks/tpch/15.sql
2024-02-05 21:46:59,623 - INFO - [PGExecutor] Executing /home/viktor/Experiments/CamDB/camtune/benchmarks/tpch/16.sql
2024-02-05 21:46:59,805 - INFO - [PGExecutor] Executing /home/viktor/Experiments/CamDB/camtune/benchmarks/tpch/18.sql
2024-02-05 21:47:01,322 - INFO - [PGExecutor] Executing /home/viktor/Experiments/CamDB/camtune/benchmarks/tpch/19.sql
2024-02-05 21:47:01,696 - INFO - [Tune] [Iteration 2]: total_exec_time: 7.446 (s)
2024-02-05 21:47:01,696 - INFO - ================================================================================
2024-02-05 21:47:01,696 - INFO - [Tune] [Iteration 3]: using configuration: 
2024-02-05 21:47:01,696 - INFO - 	effective_cache_size: 305150
2024-02-05 21:47:01,696 - INFO - 	maintenance_work_mem: 455544
2024-02-05 21:47:01,696 - INFO - 	shared_buffers: 682655
2024-02-05 21:47:01,696 - INFO - 	work_mem: 3832
2024-02-05 21:47:01,707 - INFO - ----------------------------------- Applying Knobs -----------------------------------
2024-02-05 21:47:01,823 - INFO - [PGUtils] Local PostgreSQL server shut down successfully
2024-02-05 21:47:01,837 - INFO - [PGKnobApplier] config file modification done (locally).
2024-02-05 21:47:01,837 - INFO - [PGUtils] Locally starting PostgreSQL server...
2024-02-05 21:47:01,838 - INFO - [PGUtils] Wait for connection to the started server...
2024-02-05 21:47:02,860 - INFO - [PGUtils] Successfully connected to the started PostgreSQL Server
2024-02-05 21:47:02,860 - INFO - [PGUtils] 1 seconds waiting for connection
2024-02-05 21:47:02,860 - INFO - [PGUtils] start command: postgres --config_file=/var/lib/postgresql/experiment/conf/tune_cnf.conf
2024-02-05 21:47:02,860 - INFO - [PGUtils] PostgresSQL is successfully launched.
2024-02-05 21:47:02,861 - INFO - [PGKnobApplier] Sleeping for 0 seconds after restarting postgres
2024-02-05 21:47:02,861 - INFO - [PGKnobApplier] No knobs need to be applied online
2024-02-05 21:47:02,872 - INFO - [PGKnobApplier] Knobs successfully applied offline.
2024-02-05 21:47:02,873 - INFO - --------------------------------------------------------------------------------
2024-02-05 21:47:02,873 - INFO - [PGExecutor] Exeucting queries listed in tpch_query_fast_list.txt
2024-02-05 21:47:02,883 - INFO - [PGExecutor] Connected to PostgreSQL server for query execution:
2024-02-05 21:47:02,884 - INFO - [PGExecutor] Executing /home/viktor/Experiments/CamDB/camtune/benchmarks/tpch/1.sql
2024-02-05 21:47:04,372 - INFO - [PGExecutor] Executing /home/viktor/Experiments/CamDB/camtune/benchmarks/tpch/2.sql
2024-02-05 21:47:04,579 - INFO - [PGExecutor] Executing /home/viktor/Experiments/CamDB/camtune/benchmarks/tpch/3.sql
2024-02-05 21:47:04,890 - INFO - [PGExecutor] Executing /home/viktor/Experiments/CamDB/camtune/benchmarks/tpch/4.sql
2024-02-05 21:47:05,006 - INFO - [PGExecutor] Executing /home/viktor/Experiments/CamDB/camtune/benchmarks/tpch/5.sql
2024-02-05 21:47:05,141 - INFO - [PGExecutor] Executing /home/viktor/Experiments/CamDB/camtune/benchmarks/tpch/6.sql
2024-02-05 21:47:05,327 - INFO - [PGExecutor] Executing /home/viktor/Experiments/CamDB/camtune/benchmarks/tpch/7.sql
2024-02-05 21:47:05,507 - INFO - [PGExecutor] Executing /home/viktor/Experiments/CamDB/camtune/benchmarks/tpch/8.sql
2024-02-05 21:47:05,854 - INFO - [PGExecutor] Executing /home/viktor/Experiments/CamDB/camtune/benchmarks/tpch/9.sql
2024-02-05 21:47:06,646 - INFO - [PGExecutor] Executing /home/viktor/Experiments/CamDB/camtune/benchmarks/tpch/10.sql
2024-02-05 21:47:06,986 - INFO - [PGExecutor] Executing /home/viktor/Experiments/CamDB/camtune/benchmarks/tpch/11.sql
2024-02-05 21:47:07,068 - INFO - [PGExecutor] Executing /home/viktor/Experiments/CamDB/camtune/benchmarks/tpch/12.sql
2024-02-05 21:47:07,381 - INFO - [PGExecutor] Executing /home/viktor/Experiments/CamDB/camtune/benchmarks/tpch/13.sql
2024-02-05 21:47:07,775 - INFO - [PGExecutor] Executing /home/viktor/Experiments/CamDB/camtune/benchmarks/tpch/14.sql
2024-02-05 21:47:07,981 - INFO - [PGExecutor] Executing /home/viktor/Experiments/CamDB/camtune/benchmarks/tpch/15.sql
2024-02-05 21:47:08,377 - INFO - [PGExecutor] Executing /home/viktor/Experiments/CamDB/camtune/benchmarks/tpch/16.sql
2024-02-05 21:47:08,552 - INFO - [PGExecutor] Executing /home/viktor/Experiments/CamDB/camtune/benchmarks/tpch/18.sql
2024-02-05 21:47:09,962 - INFO - [PGExecutor] Executing /home/viktor/Experiments/CamDB/camtune/benchmarks/tpch/19.sql
2024-02-05 21:47:10,311 - INFO - [Tune] [Iteration 3]: total_exec_time: 7.337 (s)
2024-02-05 21:47:10,311 - INFO - ================================================================================
2024-02-05 21:47:10,311 - INFO - [Tune] [Iteration 4]: using configuration: 
2024-02-05 21:47:10,311 - INFO - 	effective_cache_size: 498003
2024-02-05 21:47:10,312 - INFO - 	maintenance_work_mem: 655948
2024-02-05 21:47:10,312 - INFO - 	shared_buffers: 572527
2024-02-05 21:47:10,312 - INFO - 	work_mem: 7681
2024-02-05 21:47:10,323 - INFO - ----------------------------------- Applying Knobs -----------------------------------
2024-02-05 21:47:10,540 - INFO - [PGUtils] Local PostgreSQL server shut down successfully
2024-02-05 21:47:10,551 - INFO - [PGKnobApplier] config file modification done (locally).
2024-02-05 21:47:10,551 - INFO - [PGUtils] Locally starting PostgreSQL server...
2024-02-05 21:47:10,551 - INFO - [PGUtils] Wait for connection to the started server...
2024-02-05 21:47:11,577 - INFO - [PGUtils] Successfully connected to the started PostgreSQL Server
2024-02-05 21:47:11,577 - INFO - [PGUtils] 1 seconds waiting for connection
2024-02-05 21:47:11,577 - INFO - [PGUtils] start command: postgres --config_file=/var/lib/postgresql/experiment/conf/tune_cnf.conf
2024-02-05 21:47:11,577 - INFO - [PGUtils] PostgresSQL is successfully launched.
2024-02-05 21:47:11,577 - INFO - [PGKnobApplier] Sleeping for 0 seconds after restarting postgres
2024-02-05 21:47:11,578 - INFO - [PGKnobApplier] No knobs need to be applied online
2024-02-05 21:47:11,589 - INFO - [PGKnobApplier] Knobs successfully applied offline.
2024-02-05 21:47:11,589 - INFO - --------------------------------------------------------------------------------
2024-02-05 21:47:11,589 - INFO - [PGExecutor] Exeucting queries listed in tpch_query_fast_list.txt
2024-02-05 21:47:11,600 - INFO - [PGExecutor] Connected to PostgreSQL server for query execution:
2024-02-05 21:47:11,600 - INFO - [PGExecutor] Executing /home/viktor/Experiments/CamDB/camtune/benchmarks/tpch/1.sql
2024-02-05 21:47:13,077 - INFO - [PGExecutor] Executing /home/viktor/Experiments/CamDB/camtune/benchmarks/tpch/2.sql
2024-02-05 21:47:13,271 - INFO - [PGExecutor] Executing /home/viktor/Experiments/CamDB/camtune/benchmarks/tpch/3.sql
2024-02-05 21:47:13,582 - INFO - [PGExecutor] Executing /home/viktor/Experiments/CamDB/camtune/benchmarks/tpch/4.sql
2024-02-05 21:47:13,696 - INFO - [PGExecutor] Executing /home/viktor/Experiments/CamDB/camtune/benchmarks/tpch/5.sql
2024-02-05 21:47:13,832 - INFO - [PGExecutor] Executing /home/viktor/Experiments/CamDB/camtune/benchmarks/tpch/6.sql
2024-02-05 21:47:14,023 - INFO - [PGExecutor] Executing /home/viktor/Experiments/CamDB/camtune/benchmarks/tpch/7.sql
2024-02-05 21:47:14,216 - INFO - [PGExecutor] Executing /home/viktor/Experiments/CamDB/camtune/benchmarks/tpch/8.sql
2024-02-05 21:47:14,553 - INFO - [PGExecutor] Executing /home/viktor/Experiments/CamDB/camtune/benchmarks/tpch/9.sql
2024-02-05 21:47:15,284 - INFO - [PGExecutor] Executing /home/viktor/Experiments/CamDB/camtune/benchmarks/tpch/10.sql
2024-02-05 21:47:15,649 - INFO - [PGExecutor] Executing /home/viktor/Experiments/CamDB/camtune/benchmarks/tpch/11.sql
2024-02-05 21:47:15,732 - INFO - [PGExecutor] Executing /home/viktor/Experiments/CamDB/camtune/benchmarks/tpch/12.sql
2024-02-05 21:47:16,046 - INFO - [PGExecutor] Executing /home/viktor/Experiments/CamDB/camtune/benchmarks/tpch/13.sql
2024-02-05 21:47:16,785 - INFO - [PGExecutor] Executing /home/viktor/Experiments/CamDB/camtune/benchmarks/tpch/14.sql
2024-02-05 21:47:16,986 - INFO - [PGExecutor] Executing /home/viktor/Experiments/CamDB/camtune/benchmarks/tpch/15.sql
2024-02-05 21:47:17,384 - INFO - [PGExecutor] Executing /home/viktor/Experiments/CamDB/camtune/benchmarks/tpch/16.sql
2024-02-05 21:47:17,568 - INFO - [PGExecutor] Executing /home/viktor/Experiments/CamDB/camtune/benchmarks/tpch/18.sql
2024-02-05 21:47:19,050 - INFO - [PGExecutor] Executing /home/viktor/Experiments/CamDB/camtune/benchmarks/tpch/19.sql
2024-02-05 21:47:19,412 - INFO - [Tune] [Iteration 4]: total_exec_time: 7.708 (s)
2024-02-05 21:47:19,413 - INFO - ================================================================================
2024-02-05 21:47:19,413 - INFO - Best total_exec_time: 7.179058074951172
2024-02-05 21:47:19,413 - INFO - Best config:
2024-02-05 21:47:19,413 - INFO - 	effective_cache_size: 279312
2024-02-05 21:47:19,413 - INFO - 	maintenance_work_mem: 734956
2024-02-05 21:47:19,413 - INFO - 	shared_buffers: 757663
2024-02-05 21:47:19,413 - INFO - 	work_mem: 3340
2024-02-05 21:47:19,413 - INFO - Elapsed time: 45.20 seconds
2024-02-10 23:05:24,246 - INFO - 

2024-02-10 23:05:24,250 - INFO - [Tuner] Start optimization using random for 5 iterations
2024-02-10 23:05:24,284 - INFO - ================================================================================
2024-02-10 23:05:24,284 - INFO - [Tune] [Iteration 0]: using configuration: 
2024-02-10 23:05:24,284 - INFO - 	effective_cache_size: 279312
2024-02-10 23:05:24,284 - INFO - 	maintenance_work_mem: 734956
2024-02-10 23:05:24,285 - INFO - 	shared_buffers: 757663
2024-02-10 23:05:24,285 - INFO - 	work_mem: 3340
2024-02-10 23:05:24,384 - INFO - ----------------------------------- Applying Knobs -----------------------------------
2024-02-10 23:05:24,500 - INFO - [PGUtils] Local PostgreSQL server shut down successfully
2024-02-10 23:05:24,513 - INFO - [PGKnobApplier] config file modification done (locally).
2024-02-10 23:05:24,513 - INFO - [PGUtils] Locally starting PostgreSQL server...
2024-02-10 23:05:24,514 - INFO - [PGUtils] Wait for connection to the started server...
2024-02-10 23:05:25,563 - INFO - [PGUtils] Successfully connected to the started PostgreSQL Server
2024-02-10 23:05:25,563 - INFO - [PGUtils] 1 seconds waiting for connection
2024-02-10 23:05:25,563 - INFO - [PGUtils] start command: postgres --config_file=/var/lib/postgresql/experiment/conf/tune_cnf.conf
2024-02-10 23:05:25,563 - INFO - [PGUtils] PostgresSQL is successfully launched.
2024-02-10 23:05:25,563 - INFO - [PGKnobApplier] Sleeping for 0 seconds after restarting postgres
2024-02-10 23:05:25,563 - INFO - [PGKnobApplier] No knobs need to be applied online
2024-02-10 23:05:25,581 - INFO - [PGKnobApplier] Knobs successfully applied offline.
2024-02-10 23:05:25,582 - INFO - --------------------------------------------------------------------------------
2024-02-10 23:05:25,582 - INFO - [PGExecutor] Exeucting queries listed in tpch_query_fast_list.txt
2024-02-10 23:05:25,599 - INFO - [PGExecutor] Connected to PostgreSQL server for query execution:
2024-02-10 23:05:25,599 - INFO - [PGExecutor] Executing /home/viktor/Experiments/CamDB/camtune/benchmarks/tpch/1.sql
2024-02-10 23:05:32,221 - INFO - [PGExecutor] Executing /home/viktor/Experiments/CamDB/camtune/benchmarks/tpch/2.sql
2024-02-10 23:05:34,119 - INFO - [PGExecutor] Executing /home/viktor/Experiments/CamDB/camtune/benchmarks/tpch/3.sql
2024-02-10 23:05:37,095 - INFO - [PGExecutor] Executing /home/viktor/Experiments/CamDB/camtune/benchmarks/tpch/4.sql
2024-02-10 23:05:37,216 - INFO - [PGExecutor] Executing /home/viktor/Experiments/CamDB/camtune/benchmarks/tpch/5.sql
2024-02-10 23:05:37,346 - INFO - [PGExecutor] Executing /home/viktor/Experiments/CamDB/camtune/benchmarks/tpch/6.sql
2024-02-10 23:05:37,533 - INFO - [PGExecutor] Executing /home/viktor/Experiments/CamDB/camtune/benchmarks/tpch/7.sql
2024-02-10 23:05:37,713 - INFO - [PGExecutor] Executing /home/viktor/Experiments/CamDB/camtune/benchmarks/tpch/8.sql
2024-02-10 23:05:38,061 - INFO - [PGExecutor] Executing /home/viktor/Experiments/CamDB/camtune/benchmarks/tpch/9.sql
2024-02-10 23:05:39,722 - INFO - [PGExecutor] Executing /home/viktor/Experiments/CamDB/camtune/benchmarks/tpch/10.sql
2024-02-10 23:05:40,090 - INFO - [PGExecutor] Executing /home/viktor/Experiments/CamDB/camtune/benchmarks/tpch/11.sql
2024-02-10 23:05:40,177 - INFO - [PGExecutor] Executing /home/viktor/Experiments/CamDB/camtune/benchmarks/tpch/12.sql
2024-02-10 23:05:40,507 - INFO - [PGExecutor] Executing /home/viktor/Experiments/CamDB/camtune/benchmarks/tpch/13.sql
2024-02-10 23:05:40,909 - INFO - [PGExecutor] Executing /home/viktor/Experiments/CamDB/camtune/benchmarks/tpch/14.sql
2024-02-10 23:05:41,119 - INFO - [PGExecutor] Executing /home/viktor/Experiments/CamDB/camtune/benchmarks/tpch/15.sql
2024-02-10 23:05:41,565 - INFO - [PGExecutor] Executing /home/viktor/Experiments/CamDB/camtune/benchmarks/tpch/16.sql
2024-02-10 23:05:41,787 - INFO - [PGExecutor] Executing /home/viktor/Experiments/CamDB/camtune/benchmarks/tpch/18.sql
2024-02-10 23:05:43,310 - INFO - [PGExecutor] Executing /home/viktor/Experiments/CamDB/camtune/benchmarks/tpch/19.sql
2024-02-10 23:05:43,765 - INFO - [Tune] [Iteration 0]: total_exec_time: 18.002 (s)
2024-02-10 23:05:43,765 - INFO - ================================================================================
2024-02-10 23:05:43,765 - INFO - [Tune] [Iteration 1]: using configuration: 
2024-02-10 23:05:43,765 - INFO - 	effective_cache_size: 799859
2024-02-10 23:05:43,765 - INFO - 	maintenance_work_mem: 754623
2024-02-10 23:05:43,766 - INFO - 	shared_buffers: 29406
2024-02-10 23:05:43,766 - INFO - 	work_mem: 3292
2024-02-10 23:05:43,776 - INFO - ----------------------------------- Applying Knobs -----------------------------------
2024-02-10 23:05:43,995 - INFO - [PGUtils] Local PostgreSQL server shut down successfully
2024-02-10 23:05:44,008 - INFO - [PGKnobApplier] config file modification done (locally).
2024-02-10 23:05:44,008 - INFO - [PGUtils] Locally starting PostgreSQL server...
2024-02-10 23:05:44,009 - INFO - [PGUtils] Wait for connection to the started server...
2024-02-10 23:05:45,020 - INFO - [PGUtils] Successfully connected to the started PostgreSQL Server
2024-02-10 23:05:45,020 - INFO - [PGUtils] 1 seconds waiting for connection
2024-02-10 23:05:45,020 - INFO - [PGUtils] start command: postgres --config_file=/var/lib/postgresql/experiment/conf/tune_cnf.conf
2024-02-10 23:05:45,020 - INFO - [PGUtils] PostgresSQL is successfully launched.
2024-02-10 23:05:45,020 - INFO - [PGKnobApplier] Sleeping for 0 seconds after restarting postgres
2024-02-10 23:05:45,020 - INFO - [PGKnobApplier] No knobs need to be applied online
2024-02-10 23:05:45,029 - INFO - [PGKnobApplier] Knobs successfully applied offline.
2024-02-10 23:05:45,029 - INFO - --------------------------------------------------------------------------------
2024-02-10 23:05:45,029 - INFO - [PGExecutor] Exeucting queries listed in tpch_query_fast_list.txt
2024-02-10 23:05:45,038 - INFO - [PGExecutor] Connected to PostgreSQL server for query execution:
2024-02-10 23:05:45,039 - INFO - [PGExecutor] Executing /home/viktor/Experiments/CamDB/camtune/benchmarks/tpch/1.sql
2024-02-10 23:05:46,449 - INFO - [PGExecutor] Executing /home/viktor/Experiments/CamDB/camtune/benchmarks/tpch/2.sql
2024-02-10 23:05:46,630 - INFO - [PGExecutor] Executing /home/viktor/Experiments/CamDB/camtune/benchmarks/tpch/3.sql
2024-02-10 23:05:47,017 - INFO - [PGExecutor] Executing /home/viktor/Experiments/CamDB/camtune/benchmarks/tpch/4.sql
2024-02-10 23:05:47,194 - INFO - [PGExecutor] Executing /home/viktor/Experiments/CamDB/camtune/benchmarks/tpch/5.sql
2024-02-10 23:05:47,399 - INFO - [PGExecutor] Executing /home/viktor/Experiments/CamDB/camtune/benchmarks/tpch/6.sql
2024-02-10 23:05:47,638 - INFO - [PGExecutor] Executing /home/viktor/Experiments/CamDB/camtune/benchmarks/tpch/7.sql
2024-02-10 23:05:47,951 - INFO - [PGExecutor] Executing /home/viktor/Experiments/CamDB/camtune/benchmarks/tpch/8.sql
2024-02-10 23:05:48,424 - INFO - [PGExecutor] Executing /home/viktor/Experiments/CamDB/camtune/benchmarks/tpch/9.sql
2024-02-10 23:05:49,422 - INFO - [PGExecutor] Executing /home/viktor/Experiments/CamDB/camtune/benchmarks/tpch/10.sql
2024-02-10 23:05:49,833 - INFO - [PGExecutor] Executing /home/viktor/Experiments/CamDB/camtune/benchmarks/tpch/11.sql
2024-02-10 23:05:49,943 - INFO - [PGExecutor] Executing /home/viktor/Experiments/CamDB/camtune/benchmarks/tpch/12.sql
2024-02-10 23:05:50,327 - INFO - [PGExecutor] Executing /home/viktor/Experiments/CamDB/camtune/benchmarks/tpch/13.sql
2024-02-10 23:05:50,730 - INFO - [PGExecutor] Executing /home/viktor/Experiments/CamDB/camtune/benchmarks/tpch/14.sql
2024-02-10 23:05:50,990 - INFO - [PGExecutor] Executing /home/viktor/Experiments/CamDB/camtune/benchmarks/tpch/15.sql
2024-02-10 23:05:51,519 - INFO - [PGExecutor] Executing /home/viktor/Experiments/CamDB/camtune/benchmarks/tpch/16.sql
2024-02-10 23:05:51,740 - INFO - [PGExecutor] Executing /home/viktor/Experiments/CamDB/camtune/benchmarks/tpch/18.sql
2024-02-10 23:05:54,024 - INFO - [PGExecutor] Executing /home/viktor/Experiments/CamDB/camtune/benchmarks/tpch/19.sql
2024-02-10 23:05:54,470 - INFO - [Tune] [Iteration 1]: total_exec_time: 9.323 (s)
2024-02-10 23:05:54,470 - INFO - ================================================================================
2024-02-10 23:05:54,470 - INFO - [Tune] [Iteration 2]: using configuration: 
2024-02-10 23:05:54,470 - INFO - 	effective_cache_size: 438778
2024-02-10 23:05:54,470 - INFO - 	maintenance_work_mem: 525153
2024-02-10 23:05:54,470 - INFO - 	shared_buffers: 569564
2024-02-10 23:05:54,470 - INFO - 	work_mem: 5255
2024-02-10 23:05:54,481 - INFO - ----------------------------------- Applying Knobs -----------------------------------
2024-02-10 23:05:54,599 - INFO - [PGUtils] Local PostgreSQL server shut down successfully
2024-02-10 23:05:54,611 - INFO - [PGKnobApplier] config file modification done (locally).
2024-02-10 23:05:54,611 - INFO - [PGUtils] Locally starting PostgreSQL server...
2024-02-10 23:05:54,612 - INFO - [PGUtils] Wait for connection to the started server...
2024-02-10 23:05:55,636 - INFO - [PGUtils] Successfully connected to the started PostgreSQL Server
2024-02-10 23:05:55,636 - INFO - [PGUtils] 1 seconds waiting for connection
2024-02-10 23:05:55,636 - INFO - [PGUtils] start command: postgres --config_file=/var/lib/postgresql/experiment/conf/tune_cnf.conf
2024-02-10 23:05:55,637 - INFO - [PGUtils] PostgresSQL is successfully launched.
2024-02-10 23:05:55,637 - INFO - [PGKnobApplier] Sleeping for 0 seconds after restarting postgres
2024-02-10 23:05:55,637 - INFO - [PGKnobApplier] No knobs need to be applied online
2024-02-10 23:05:55,648 - INFO - [PGKnobApplier] Knobs successfully applied offline.
2024-02-10 23:05:55,648 - INFO - --------------------------------------------------------------------------------
2024-02-10 23:05:55,648 - INFO - [PGExecutor] Exeucting queries listed in tpch_query_fast_list.txt
2024-02-10 23:05:55,660 - INFO - [PGExecutor] Connected to PostgreSQL server for query execution:
2024-02-10 23:05:55,660 - INFO - [PGExecutor] Executing /home/viktor/Experiments/CamDB/camtune/benchmarks/tpch/1.sql
2024-02-10 23:05:57,172 - INFO - [PGExecutor] Executing /home/viktor/Experiments/CamDB/camtune/benchmarks/tpch/2.sql
2024-02-10 23:05:57,364 - INFO - [PGExecutor] Executing /home/viktor/Experiments/CamDB/camtune/benchmarks/tpch/3.sql
2024-02-10 23:05:57,684 - INFO - [PGExecutor] Executing /home/viktor/Experiments/CamDB/camtune/benchmarks/tpch/4.sql
2024-02-10 23:05:57,801 - INFO - [PGExecutor] Executing /home/viktor/Experiments/CamDB/camtune/benchmarks/tpch/5.sql
2024-02-10 23:05:57,930 - INFO - [PGExecutor] Executing /home/viktor/Experiments/CamDB/camtune/benchmarks/tpch/6.sql
2024-02-10 23:05:58,115 - INFO - [PGExecutor] Executing /home/viktor/Experiments/CamDB/camtune/benchmarks/tpch/7.sql
2024-02-10 23:05:58,292 - INFO - [PGExecutor] Executing /home/viktor/Experiments/CamDB/camtune/benchmarks/tpch/8.sql
2024-02-10 23:05:58,630 - INFO - [PGExecutor] Executing /home/viktor/Experiments/CamDB/camtune/benchmarks/tpch/9.sql
2024-02-10 23:05:59,399 - INFO - [PGExecutor] Executing /home/viktor/Experiments/CamDB/camtune/benchmarks/tpch/10.sql
2024-02-10 23:05:59,835 - INFO - [PGExecutor] Executing /home/viktor/Experiments/CamDB/camtune/benchmarks/tpch/11.sql
2024-02-10 23:05:59,927 - INFO - [PGExecutor] Executing /home/viktor/Experiments/CamDB/camtune/benchmarks/tpch/12.sql
2024-02-10 23:06:00,267 - INFO - [PGExecutor] Executing /home/viktor/Experiments/CamDB/camtune/benchmarks/tpch/13.sql
2024-02-10 23:06:00,695 - INFO - [PGExecutor] Executing /home/viktor/Experiments/CamDB/camtune/benchmarks/tpch/14.sql
2024-02-10 23:06:00,899 - INFO - [PGExecutor] Executing /home/viktor/Experiments/CamDB/camtune/benchmarks/tpch/15.sql
2024-02-10 23:06:01,335 - INFO - [PGExecutor] Executing /home/viktor/Experiments/CamDB/camtune/benchmarks/tpch/16.sql
2024-02-10 23:06:01,521 - INFO - [PGExecutor] Executing /home/viktor/Experiments/CamDB/camtune/benchmarks/tpch/18.sql
2024-02-10 23:06:02,990 - INFO - [PGExecutor] Executing /home/viktor/Experiments/CamDB/camtune/benchmarks/tpch/19.sql
2024-02-10 23:06:03,389 - INFO - [Tune] [Iteration 2]: total_exec_time: 7.605 (s)
2024-02-10 23:06:03,390 - INFO - ================================================================================
2024-02-10 23:06:03,390 - INFO - [Tune] [Iteration 3]: using configuration: 
2024-02-10 23:06:03,390 - INFO - 	effective_cache_size: 305150
2024-02-10 23:06:03,390 - INFO - 	maintenance_work_mem: 455544
2024-02-10 23:06:03,390 - INFO - 	shared_buffers: 682655
2024-02-10 23:06:03,390 - INFO - 	work_mem: 3832
2024-02-10 23:06:03,404 - INFO - ----------------------------------- Applying Knobs -----------------------------------
2024-02-10 23:06:03,630 - INFO - [PGUtils] Local PostgreSQL server shut down successfully
2024-02-10 23:06:03,651 - INFO - [PGKnobApplier] config file modification done (locally).
2024-02-10 23:06:03,651 - INFO - [PGUtils] Locally starting PostgreSQL server...
2024-02-10 23:06:03,652 - INFO - [PGUtils] Wait for connection to the started server...
2024-02-10 23:06:04,668 - INFO - [PGUtils] Successfully connected to the started PostgreSQL Server
2024-02-10 23:06:04,668 - INFO - [PGUtils] 1 seconds waiting for connection
2024-02-10 23:06:04,668 - INFO - [PGUtils] start command: postgres --config_file=/var/lib/postgresql/experiment/conf/tune_cnf.conf
2024-02-10 23:06:04,668 - INFO - [PGUtils] PostgresSQL is successfully launched.
2024-02-10 23:06:04,668 - INFO - [PGKnobApplier] Sleeping for 0 seconds after restarting postgres
2024-02-10 23:06:04,668 - INFO - [PGKnobApplier] No knobs need to be applied online
2024-02-10 23:06:04,677 - INFO - [PGKnobApplier] Knobs successfully applied offline.
2024-02-10 23:06:04,677 - INFO - --------------------------------------------------------------------------------
2024-02-10 23:06:04,677 - INFO - [PGExecutor] Exeucting queries listed in tpch_query_fast_list.txt
2024-02-10 23:06:04,685 - INFO - [PGExecutor] Connected to PostgreSQL server for query execution:
2024-02-10 23:06:04,685 - INFO - [PGExecutor] Executing /home/viktor/Experiments/CamDB/camtune/benchmarks/tpch/1.sql
2024-02-10 23:06:06,259 - INFO - [PGExecutor] Executing /home/viktor/Experiments/CamDB/camtune/benchmarks/tpch/2.sql
2024-02-10 23:06:06,458 - INFO - [PGExecutor] Executing /home/viktor/Experiments/CamDB/camtune/benchmarks/tpch/3.sql
2024-02-10 23:06:06,785 - INFO - [PGExecutor] Executing /home/viktor/Experiments/CamDB/camtune/benchmarks/tpch/4.sql
2024-02-10 23:06:06,908 - INFO - [PGExecutor] Executing /home/viktor/Experiments/CamDB/camtune/benchmarks/tpch/5.sql
2024-02-10 23:06:07,044 - INFO - [PGExecutor] Executing /home/viktor/Experiments/CamDB/camtune/benchmarks/tpch/6.sql
2024-02-10 23:06:07,243 - INFO - [PGExecutor] Executing /home/viktor/Experiments/CamDB/camtune/benchmarks/tpch/7.sql
2024-02-10 23:06:07,431 - INFO - [PGExecutor] Executing /home/viktor/Experiments/CamDB/camtune/benchmarks/tpch/8.sql
2024-02-10 23:06:07,769 - INFO - [PGExecutor] Executing /home/viktor/Experiments/CamDB/camtune/benchmarks/tpch/9.sql
2024-02-10 23:06:08,716 - INFO - [PGExecutor] Executing /home/viktor/Experiments/CamDB/camtune/benchmarks/tpch/10.sql
2024-02-10 23:06:09,112 - INFO - [PGExecutor] Executing /home/viktor/Experiments/CamDB/camtune/benchmarks/tpch/11.sql
2024-02-10 23:06:09,202 - INFO - [PGExecutor] Executing /home/viktor/Experiments/CamDB/camtune/benchmarks/tpch/12.sql
2024-02-10 23:06:09,537 - INFO - [PGExecutor] Executing /home/viktor/Experiments/CamDB/camtune/benchmarks/tpch/13.sql
2024-02-10 23:06:09,952 - INFO - [PGExecutor] Executing /home/viktor/Experiments/CamDB/camtune/benchmarks/tpch/14.sql
2024-02-10 23:06:10,154 - INFO - [PGExecutor] Executing /home/viktor/Experiments/CamDB/camtune/benchmarks/tpch/15.sql
2024-02-10 23:06:10,564 - INFO - [PGExecutor] Executing /home/viktor/Experiments/CamDB/camtune/benchmarks/tpch/16.sql
2024-02-10 23:06:10,758 - INFO - [PGExecutor] Executing /home/viktor/Experiments/CamDB/camtune/benchmarks/tpch/18.sql
2024-02-10 23:06:12,219 - INFO - [PGExecutor] Executing /home/viktor/Experiments/CamDB/camtune/benchmarks/tpch/19.sql
2024-02-10 23:06:12,609 - INFO - [Tune] [Iteration 3]: total_exec_time: 7.803 (s)
2024-02-10 23:06:12,610 - INFO - ================================================================================
2024-02-10 23:06:12,610 - INFO - [Tune] [Iteration 4]: using configuration: 
2024-02-10 23:06:12,610 - INFO - 	effective_cache_size: 498003
2024-02-10 23:06:12,610 - INFO - 	maintenance_work_mem: 655948
2024-02-10 23:06:12,610 - INFO - 	shared_buffers: 572527
2024-02-10 23:06:12,610 - INFO - 	work_mem: 7681
2024-02-10 23:06:12,622 - INFO - ----------------------------------- Applying Knobs -----------------------------------
2024-02-10 23:06:12,840 - INFO - [PGUtils] Local PostgreSQL server shut down successfully
2024-02-10 23:06:12,856 - INFO - [PGKnobApplier] config file modification done (locally).
2024-02-10 23:06:12,856 - INFO - [PGUtils] Locally starting PostgreSQL server...
2024-02-10 23:06:12,857 - INFO - [PGUtils] Wait for connection to the started server...
2024-02-10 23:06:13,870 - INFO - [PGUtils] Successfully connected to the started PostgreSQL Server
2024-02-10 23:06:13,870 - INFO - [PGUtils] 1 seconds waiting for connection
2024-02-10 23:06:13,870 - INFO - [PGUtils] start command: postgres --config_file=/var/lib/postgresql/experiment/conf/tune_cnf.conf
2024-02-10 23:06:13,870 - INFO - [PGUtils] PostgresSQL is successfully launched.
2024-02-10 23:06:13,870 - INFO - [PGKnobApplier] Sleeping for 0 seconds after restarting postgres
2024-02-10 23:06:13,870 - INFO - [PGKnobApplier] No knobs need to be applied online
2024-02-10 23:06:13,877 - INFO - [PGKnobApplier] Knobs successfully applied offline.
2024-02-10 23:06:13,877 - INFO - --------------------------------------------------------------------------------
2024-02-10 23:06:13,877 - INFO - [PGExecutor] Exeucting queries listed in tpch_query_fast_list.txt
2024-02-10 23:06:13,883 - INFO - [PGExecutor] Connected to PostgreSQL server for query execution:
2024-02-10 23:06:13,883 - INFO - [PGExecutor] Executing /home/viktor/Experiments/CamDB/camtune/benchmarks/tpch/1.sql
2024-02-10 23:06:15,404 - INFO - [PGExecutor] Executing /home/viktor/Experiments/CamDB/camtune/benchmarks/tpch/2.sql
2024-02-10 23:06:15,616 - INFO - [PGExecutor] Executing /home/viktor/Experiments/CamDB/camtune/benchmarks/tpch/3.sql
2024-02-10 23:06:15,934 - INFO - [PGExecutor] Executing /home/viktor/Experiments/CamDB/camtune/benchmarks/tpch/4.sql
2024-02-10 23:06:16,052 - INFO - [PGExecutor] Executing /home/viktor/Experiments/CamDB/camtune/benchmarks/tpch/5.sql
2024-02-10 23:06:16,184 - INFO - [PGExecutor] Executing /home/viktor/Experiments/CamDB/camtune/benchmarks/tpch/6.sql
2024-02-10 23:06:16,379 - INFO - [PGExecutor] Executing /home/viktor/Experiments/CamDB/camtune/benchmarks/tpch/7.sql
2024-02-10 23:06:16,563 - INFO - [PGExecutor] Executing /home/viktor/Experiments/CamDB/camtune/benchmarks/tpch/8.sql
2024-02-10 23:06:16,901 - INFO - [PGExecutor] Executing /home/viktor/Experiments/CamDB/camtune/benchmarks/tpch/9.sql
2024-02-10 23:06:17,648 - INFO - [PGExecutor] Executing /home/viktor/Experiments/CamDB/camtune/benchmarks/tpch/10.sql
2024-02-10 23:06:18,018 - INFO - [PGExecutor] Executing /home/viktor/Experiments/CamDB/camtune/benchmarks/tpch/11.sql
2024-02-10 23:06:18,101 - INFO - [PGExecutor] Executing /home/viktor/Experiments/CamDB/camtune/benchmarks/tpch/12.sql
2024-02-10 23:06:18,423 - INFO - [PGExecutor] Executing /home/viktor/Experiments/CamDB/camtune/benchmarks/tpch/13.sql
2024-02-10 23:06:19,103 - INFO - [PGExecutor] Executing /home/viktor/Experiments/CamDB/camtune/benchmarks/tpch/14.sql
2024-02-10 23:06:19,304 - INFO - [PGExecutor] Executing /home/viktor/Experiments/CamDB/camtune/benchmarks/tpch/15.sql
2024-02-10 23:06:19,709 - INFO - [PGExecutor] Executing /home/viktor/Experiments/CamDB/camtune/benchmarks/tpch/16.sql
2024-02-10 23:06:19,891 - INFO - [PGExecutor] Executing /home/viktor/Experiments/CamDB/camtune/benchmarks/tpch/18.sql
2024-02-10 23:06:21,241 - INFO - [PGExecutor] Executing /home/viktor/Experiments/CamDB/camtune/benchmarks/tpch/19.sql
2024-02-10 23:06:21,622 - INFO - [Tune] [Iteration 4]: total_exec_time: 7.618 (s)
2024-02-10 23:06:21,631 - INFO - ================================================================================
2024-02-10 23:06:21,631 - INFO - Best total_exec_time: 7.605154037475586
2024-02-10 23:06:21,631 - INFO - Best config:
2024-02-10 23:06:21,631 - INFO - 	effective_cache_size: 438778
2024-02-10 23:06:21,631 - INFO - 	maintenance_work_mem: 525153
2024-02-10 23:06:21,631 - INFO - 	shared_buffers: 569564
2024-02-10 23:06:21,631 - INFO - 	work_mem: 5255
2024-02-10 23:06:21,631 - INFO - Elapsed time: 57.37 seconds
